18:46:29.029 [main] INFO  com.qa.opencart.testcase.RegistrationTest - Click on Continue button in Logout page
18:46:31.591 [main] INFO  com.qa.opencart.testcase.RegistrationTest - navigate to registration page
18:46:31.592 [main] INFO  com.qa.opencart.pages.HomePage - opening the myAccount menu
18:46:33.747 [main] INFO  com.qa.opencart.pages.HomePage - click on Register link 
18:46:36.321 [main] INFO  com.qa.opencart.testcase.RegistrationTest - Verify the Registration page title
18:46:36.344 [main] INFO  com.qa.opencart.utils.WebDriverUtils - Title of the page is :: Register Account
18:46:36.354 [main] INFO  com.qa.opencart.testcase.RegistrationTest - setting the first name:wjubg
18:46:36.354 [main] INFO  com.qa.opencart.pages.RegistrationPage - enetering the firstname value
18:46:38.596 [main] INFO  com.qa.opencart.testcase.RegistrationTest - setting the last name:uQBvV
18:46:38.596 [main] INFO  com.qa.opencart.pages.RegistrationPage - enetering the larstname value
18:46:40.836 [main] INFO  com.qa.opencart.testcase.RegistrationTest - setting the email:LRugD@gmail.com
18:46:40.836 [main] INFO  com.qa.opencart.pages.RegistrationPage - enetering the email value
18:46:43.080 [main] INFO  com.qa.opencart.testcase.RegistrationTest - setting the telephone:8733203484
18:46:43.080 [main] INFO  com.qa.opencart.pages.RegistrationPage - enetering the telephone value
18:46:45.405 [main] INFO  com.qa.opencart.testcase.RegistrationTest - Entering the Address details ....
18:46:45.405 [main] INFO  com.qa.opencart.pages.RegistrationPage - eneter the company value in company editbox
18:46:47.714 [main] INFO  com.qa.opencart.pages.RegistrationPage - eneter the address1 value in address1 editbox
18:46:50.013 [main] INFO  com.qa.opencart.pages.RegistrationPage - eneter the address2 value in address2 editbox
18:46:52.336 [main] INFO  com.qa.opencart.pages.RegistrationPage - eneter the city value in city editbox
18:46:54.641 [main] INFO  com.qa.opencart.pages.RegistrationPage - eneter the postcode value in postcode editbox
18:46:56.909 [main] INFO  com.qa.opencart.pages.RegistrationPage - Select an option From country dropdown by label
18:46:57.116 [main] INFO  com.qa.opencart.utils.WebDriverUtils - Selected option : United States
18:46:57.116 [main] INFO  com.qa.opencart.pages.RegistrationPage - Select an option From State dropdown by value Attribute
18:46:57.424 [main] INFO  com.qa.opencart.utils.WebDriverUtils - Selected option : California
18:46:57.424 [main] INFO  com.qa.opencart.testcase.RegistrationTest - setting the password value is:WBsz@595
18:46:57.424 [main] INFO  com.qa.opencart.pages.RegistrationPage - enetering the pwd value
18:46:59.785 [main] INFO  com.qa.opencart.pages.RegistrationPage - enetering the confirm value
18:47:02.074 [main] INFO  com.qa.opencart.testcase.RegistrationTest - select the subscribe option yes
18:47:02.074 [main] INFO  com.qa.opencart.pages.RegistrationPage - enetering the subscribe value
18:47:02.075 [main] INFO  com.qa.opencart.pages.RegistrationPage - select Yes radio buton
18:47:04.255 [main] INFO  com.qa.opencart.testcase.RegistrationTest - check the Privacy policy checkbox
18:47:04.255 [main] INFO  com.qa.opencart.pages.RegistrationPage - check Agree Checkbox
18:47:04.304 [main] INFO  com.qa.opencart.utils.WebDriverUtils - Element  is already selected:[[ChromeDriver: chrome on WINDOWS (6428cd2fcc2f4ac65ca6d6adcc258423)] -> css selector: input[name='agree']]
18:47:08.574 [main] INFO  com.qa.opencart.utils.WebDriverUtils - Element is checked::[[ChromeDriver: chrome on WINDOWS (6428cd2fcc2f4ac65ca6d6adcc258423)] -> css selector: input[name='agree']]
18:47:08.574 [main] INFO  com.qa.opencart.testcase.RegistrationTest - Click on Continue button
18:47:08.574 [main] INFO  com.qa.opencart.pages.RegistrationPage - click on Continue button
18:47:11.379 [main] INFO  com.qa.opencart.testcase.RegistrationTest - verify the Account Creation success message and  header 
18:47:15.645 [main] INFO  com.qa.opencart.testcase.RegistrationTest - click on Account Created Continue button
18:47:15.645 [main] INFO  com.qa.opencart.pages.RegistrationPage - click on AccountCreatedContinue button
18:47:18.497 [main] INFO  com.qa.opencart.testcase.RegistrationTest - validate the my Account Page title
18:47:18.509 [main] INFO  com.qa.opencart.utils.WebDriverUtils - Title of the page is :: My Account
18:47:18.509 [main] INFO  com.qa.opencart.testcase.RegistrationTest - click on logout link
18:47:23.588 [main] INFO  com.qa.opencart.testcase.RegistrationTest - validate the logout Page title
18:47:23.611 [main] INFO  com.qa.opencart.utils.WebDriverUtils - Title of the page is :: Account Logout
18:47:23.611 [main] INFO  com.qa.opencart.testcase.RegistrationTest - Click on Continue button in Logout page
18:47:27.688 [main] INFO  com.qa.opencart.factory.WebDriverFactory - clear the cache/cookies 
18:47:27.709 [main] INFO  com.qa.opencart.factory.WebDriverFactory - adding implicit wait 
18:47:27.711 [main] INFO  com.qa.opencart.factory.WebDriverFactory - maximize the window
18:47:27.868 [main] INFO  com.qa.opencart.factory.TestBase - create object for WebDriverWait class
18:47:30.440 [main] INFO  com.qa.opencart.testcase.LoginPageTest - initialising the page class objects
18:47:30.454 [main] INFO  com.qa.opencart.pages.HomePage - opening the myAccount menu
18:47:32.636 [main] INFO  com.qa.opencart.pages.HomePage - clik on Login link
18:47:35.304 [main] INFO  com.qa.opencart.testcase.LoginPageTest - Verify the Login page title
18:47:35.311 [main] INFO  com.qa.opencart.utils.WebDriverUtils - Title of the page is :: Account Login
18:47:35.957 [main] INFO  com.qa.opencart.utils.WebDriverUtils - Element is displayed::[[ChromeDriver: chrome on WINDOWS (c02c6944696127dac904372072ae9274)] -> xpath: //strong[contains(.,'Register Account')]]
18:47:36.220 [main] INFO  com.qa.opencart.utils.WebDriverUtils - Element is displayed::[[ChromeDriver: chrome on WINDOWS (c02c6944696127dac904372072ae9274)] -> css selector: div.well>h2]
18:47:36.533 [main] INFO  com.qa.opencart.utils.WebDriverUtils - Element is displayed::[[ChromeDriver: chrome on WINDOWS (c02c6944696127dac904372072ae9274)] -> css selector: a.btn.btn-primary]
18:47:36.880 [main] INFO  com.qa.opencart.utils.WebDriverUtils - Element is displayed::[[ChromeDriver: chrome on WINDOWS (c02c6944696127dac904372072ae9274)] -> xpath: //h2[contains(.,'Returning Customer')]]
18:47:37.153 [main] INFO  com.qa.opencart.pages.LoginPage - click on forgot password
18:47:39.936 [main] INFO  com.qa.opencart.utils.WebDriverUtils - Navigate back
18:47:40.104 [main] INFO  com.qa.opencart.pages.LoginPage - click on forgot password
18:47:43.860 [main] INFO  com.qa.opencart.utils.WebDriverUtils - Navigate back
18:47:44.068 [main] INFO  com.qa.opencart.pages.LoginPage - Performing the login to the website
18:47:48.616 [main] INFO  com.qa.opencart.pages.LoginPage - click on Login button
18:47:52.400 [main] INFO  com.qa.opencart.utils.WebDriverUtils - Title of the page is :: My Account
18:47:58.002 [main] INFO  com.qa.opencart.utils.WebDriverUtils - Title of the page is :: Account Logout
18:47:58.003 [main] INFO  com.qa.opencart.testcase.LoginPageTest - Click on Continue button in logout page
18:48:00.631 [main] INFO  com.qa.opencart.utils.WebDriverUtils - Title of the page is :: Your Store
18:48:02.190 [main] INFO  com.qa.opencart.factory.WebDriverFactory - clear the cache/cookies 
18:48:02.206 [main] INFO  com.qa.opencart.factory.WebDriverFactory - adding implicit wait 
18:48:02.208 [main] INFO  com.qa.opencart.factory.WebDriverFactory - maximize the window
18:48:02.360 [main] INFO  com.qa.opencart.factory.TestBase - create object for WebDriverWait class
18:48:04.721 [main] INFO  com.qa.opencart.testcase.MyAccountPageTest - initialising the page class objects
18:48:04.729 [main] INFO  com.qa.opencart.pages.HomePage - opening the myAccount menu
18:48:06.925 [main] INFO  com.qa.opencart.pages.HomePage - clik on Login link
18:48:09.696 [main] INFO  com.qa.opencart.pages.LoginPage - Performing the login to the website
18:48:14.170 [main] INFO  com.qa.opencart.pages.LoginPage - click on Login button
18:48:17.153 [main] INFO  com.qa.opencart.utils.WebDriverUtils - Title of the page is :: My Account
18:48:21.328 [main] INFO  com.qa.opencart.pages.MyAccountPage - searching for the prodct:MacBook
18:48:24.363 [main] INFO  com.qa.opencart.utils.WebDriverUtils - Title of the page is :: Search - MacBook
18:48:24.363 [main] INFO  com.qa.opencart.testcase.MyAccountPageTest - Search results page title:Search - MacBook
18:48:24.756 [main] INFO  com.qa.opencart.pages.MyAccountPage - searching for the prodct:iMac
18:48:27.888 [main] INFO  com.qa.opencart.utils.WebDriverUtils - Title of the page is :: Search - iMac
18:48:27.888 [main] INFO  com.qa.opencart.testcase.MyAccountPageTest - Search results page title:Search - iMac
18:48:28.231 [main] INFO  com.qa.opencart.pages.MyAccountPage - searching for the prodct:Samsung
18:48:31.136 [main] INFO  com.qa.opencart.utils.WebDriverUtils - Title of the page is :: Search - Samsung
18:48:31.136 [main] INFO  com.qa.opencart.testcase.MyAccountPageTest - Search results page title:Search - Samsung
18:48:36.435 [main] INFO  com.qa.opencart.utils.WebDriverUtils - Title of the page is :: Account Logout
18:48:36.435 [main] INFO  com.qa.opencart.testcase.MyAccountPageTest - Click on Continue button in logout page
18:48:39.247 [main] INFO  com.qa.opencart.utils.WebDriverUtils - Title of the page is :: Your Store
18:48:40.558 [main] INFO  com.qa.opencart.factory.WebDriverFactory - clear the cache/cookies 
18:48:40.573 [main] INFO  com.qa.opencart.factory.WebDriverFactory - adding implicit wait 
18:48:40.576 [main] INFO  com.qa.opencart.factory.WebDriverFactory - maximize the window
18:48:40.737 [main] INFO  com.qa.opencart.factory.TestBase - create object for WebDriverWait class
18:48:43.200 [main] INFO  com.qa.opencart.testcase.ProductDetailsPageTest - initialising the page class objects
18:48:43.214 [main] INFO  com.qa.opencart.pages.HomePage - opening the myAccount menu
18:48:45.423 [main] INFO  com.qa.opencart.pages.HomePage - clik on Login link
18:48:48.105 [main] INFO  com.qa.opencart.testcase.ProductDetailsPageTest - first logging into the opencart website
18:48:48.106 [main] INFO  com.qa.opencart.pages.LoginPage - Performing the login to the website
18:48:52.587 [main] INFO  com.qa.opencart.pages.LoginPage - click on Login button
18:48:55.240 [main] INFO  com.qa.opencart.pages.MyAccountPage - searching for the prodct:Macbook
18:48:58.276 [main] INFO  com.qa.opencart.pages.ResultsPage - product name is:MacBook Pro
18:49:00.122 [main] INFO  com.qa.opencart.testcase.ProductDetailsPageTest - getting product header name in opencart website
18:49:00.514 [main] INFO  com.qa.opencart.pages.MyAccountPage - searching for the prodct:Macbook
18:49:03.365 [main] INFO  com.qa.opencart.pages.ResultsPage - product name is:MacBook Air
18:49:04.327 [main] INFO  com.qa.opencart.testcase.ProductDetailsPageTest - getting product header name in opencart website
18:49:04.738 [main] INFO  com.qa.opencart.pages.MyAccountPage - searching for the prodct:iMac
18:49:07.726 [main] INFO  com.qa.opencart.pages.ResultsPage - product name is:iMac
18:49:08.430 [main] INFO  com.qa.opencart.testcase.ProductDetailsPageTest - getting product header name in opencart website
18:49:08.811 [main] INFO  com.qa.opencart.pages.MyAccountPage - searching for the prodct:Samsung
18:49:11.609 [main] INFO  com.qa.opencart.pages.ResultsPage - product name is:Samsung SyncMaster 941BW
18:49:12.396 [main] INFO  com.qa.opencart.testcase.ProductDetailsPageTest - getting product header name in opencart website
18:49:12.748 [main] INFO  com.qa.opencart.pages.MyAccountPage - searching for the prodct:Apple
18:49:15.578 [main] INFO  com.qa.opencart.pages.ResultsPage - product name is:Apple Cinema 30"
18:49:16.307 [main] INFO  com.qa.opencart.testcase.ProductDetailsPageTest - getting product header name in opencart website
18:49:16.705 [main] INFO  com.qa.opencart.pages.MyAccountPage - searching for the prodct:Macbook
18:49:19.361 [main] INFO  com.qa.opencart.pages.ResultsPage - product name is:MacBook Pro
18:49:20.071 [main] INFO  com.qa.opencart.testcase.ProductDetailsPageTest - getting product image count for particular searched product in opencart website
18:49:20.465 [main] INFO  com.qa.opencart.pages.MyAccountPage - searching for the prodct:Macbook
18:49:23.034 [main] INFO  com.qa.opencart.pages.ResultsPage - product name is:MacBook Air
18:49:23.609 [main] INFO  com.qa.opencart.testcase.ProductDetailsPageTest - getting product image count for particular searched product in opencart website
18:49:23.839 [main] INFO  com.qa.opencart.pages.MyAccountPage - searching for the prodct:iMac
18:49:26.584 [main] INFO  com.qa.opencart.pages.ResultsPage - product name is:iMac
18:49:27.186 [main] INFO  com.qa.opencart.testcase.ProductDetailsPageTest - getting product image count for particular searched product in opencart website
18:49:27.429 [main] INFO  com.qa.opencart.pages.MyAccountPage - searching for the prodct:Samsung
18:49:30.031 [main] INFO  com.qa.opencart.pages.ResultsPage - product name is:Samsung SyncMaster 941BW
18:49:30.630 [main] INFO  com.qa.opencart.testcase.ProductDetailsPageTest - getting product image count for particular searched product in opencart website
18:49:30.870 [main] INFO  com.qa.opencart.pages.MyAccountPage - searching for the prodct:Apple
18:49:33.495 [main] INFO  com.qa.opencart.pages.ResultsPage - product name is:Apple Cinema 30"
18:49:34.157 [main] INFO  com.qa.opencart.testcase.ProductDetailsPageTest - getting product image count for particular searched product in opencart website
18:49:34.445 [main] INFO  com.qa.opencart.pages.MyAccountPage - searching for the prodct:MacBook
18:49:37.217 [main] INFO  com.qa.opencart.pages.ResultsPage - product name is:MacBook Pro
18:49:37.858 [main] INFO  com.qa.opencart.pages.ProductDetailsPage - Product metadata count -->4
18:49:37.924 [main] INFO  com.qa.opencart.pages.ProductDetailsPage - Product price count -->2
18:49:42.983 [main] INFO  com.qa.opencart.utils.WebDriverUtils - Title of the page is :: Account Logout
18:49:42.984 [main] INFO  com.qa.opencart.testcase.ProductDetailsPageTest - Click on Continue button in logout page
18:49:45.479 [main] INFO  com.qa.opencart.utils.WebDriverUtils - Title of the page is :: Your Store
19:17:13.684 [main] INFO  com.qa.opencart.factory.WebDriverFactory - Create Object for Properties class
19:17:13.689 [main] INFO  com.qa.opencart.factory.WebDriverFactory - Read the properties file
19:17:13.691 [main] INFO  com.qa.opencart.factory.WebDriverFactory - Create Object for Properties class
19:17:13.692 [main] INFO  com.qa.opencart.factory.WebDriverFactory - Read the properties file
19:17:15.926 [main] INFO  com.qa.opencart.factory.WebDriverFactory - clear the cache/cookies 
19:17:15.991 [main] INFO  com.qa.opencart.factory.WebDriverFactory - adding implicit wait 
19:17:15.996 [main] INFO  com.qa.opencart.factory.WebDriverFactory - maximize the window
19:17:16.108 [main] INFO  com.qa.opencart.factory.TestBase - create object for WebDriverWait class
19:17:21.238 [main] INFO  com.qa.opencart.testcase.HomePageTest - initialising the page class objects
19:17:21.381 [main] INFO  com.qa.opencart.testcase.HomePageTest - verify the Logo text
19:17:21.551 [main] INFO  com.qa.opencart.utils.WebDriverUtils - Title of the page is :: Your Store
19:17:21.565 [main] INFO  com.qa.opencart.testcase.HomePageTest - TC_02_Verifying the opencart Title
19:17:21.576 [main] INFO  com.qa.opencart.utils.WebDriverUtils - Title of the page is :: Your Store
19:17:21.660 [main] INFO  com.qa.opencart.utils.WebDriverUtils - Title of the page is :: Your Store
19:17:21.671 [main] INFO  com.qa.opencart.testcase.HomePageTest - TC_03_navigate to registration page
19:17:21.671 [main] INFO  com.qa.opencart.pages.HomePage - opening the myAccount menu
19:17:23.812 [main] INFO  com.qa.opencart.pages.HomePage - click on Register link 
19:17:26.601 [main] INFO  com.qa.opencart.testcase.HomePageTest - Assert the Registration page title
19:17:26.605 [main] INFO  com.qa.opencart.utils.WebDriverUtils - Title of the page is :: Register Account
19:17:26.606 [main] INFO  com.qa.opencart.testcase.HomePageTest - Click on Home icon in Registration page
19:17:26.606 [main] INFO  com.qa.opencart.pages.RegistrationPage - clickHomeIcon
19:17:27.026 [main] INFO  com.qa.opencart.utils.WebDriverUtils - Title of the page is :: Your Store
19:17:27.036 [main] INFO  com.qa.opencart.testcase.HomePageTest - TC_04_navigate to Login page
19:17:27.036 [main] INFO  com.qa.opencart.pages.HomePage - opening the myAccount menu
19:17:29.161 [main] INFO  com.qa.opencart.pages.HomePage - clik on Login link
19:17:31.555 [main] INFO  com.qa.opencart.testcase.HomePageTest - Assert the Login page title
19:17:31.560 [main] INFO  com.qa.opencart.utils.WebDriverUtils - Title of the page is :: Account Login
19:17:31.560 [main] INFO  com.qa.opencart.testcase.HomePageTest - Click on Home icon in Login page
19:17:31.561 [main] INFO  com.qa.opencart.pages.LoginPage - clickHomeIcon
19:17:31.952 [main] INFO  com.qa.opencart.utils.WebDriverUtils - Title of the page is :: Your Store
19:17:32.080 [main] INFO  com.qa.opencart.factory.WebDriverFactory - Create Object for Properties class
19:17:32.080 [main] INFO  com.qa.opencart.factory.WebDriverFactory - Read the properties file
19:17:32.080 [main] INFO  com.qa.opencart.factory.WebDriverFactory - Create Object for Properties class
19:17:32.080 [main] INFO  com.qa.opencart.factory.WebDriverFactory - Read the properties file
19:17:32.915 [main] INFO  com.qa.opencart.factory.WebDriverFactory - clear the cache/cookies 
19:17:32.962 [main] INFO  com.qa.opencart.factory.WebDriverFactory - adding implicit wait 
19:17:32.964 [main] INFO  com.qa.opencart.factory.WebDriverFactory - maximize the window
19:17:33.071 [main] INFO  com.qa.opencart.factory.TestBase - create object for WebDriverWait class
19:17:35.663 [main] INFO  com.qa.opencart.testcase.RegistrationTest - initialising the page class objects
19:17:37.162 [main] INFO  com.qa.opencart.testcase.RegistrationTest - navigate to registration page
19:17:37.162 [main] INFO  com.qa.opencart.pages.HomePage - opening the myAccount menu
19:17:39.294 [main] INFO  com.qa.opencart.pages.HomePage - click on Register link 
19:17:42.717 [main] INFO  com.qa.opencart.testcase.RegistrationTest - Verify the Registration page title
19:17:42.728 [main] INFO  com.qa.opencart.utils.WebDriverUtils - Title of the page is :: Register Account
19:17:42.730 [main] INFO  com.qa.opencart.testcase.RegistrationTest - setting the first name:Vandana
19:17:42.730 [main] INFO  com.qa.opencart.pages.RegistrationPage - enetering the firstname value
19:17:44.886 [main] INFO  com.qa.opencart.testcase.RegistrationTest - setting the last name:senthil
19:17:44.886 [main] INFO  com.qa.opencart.pages.RegistrationPage - enetering the larstname value
19:17:47.020 [main] INFO  com.qa.opencart.testcase.RegistrationTest - setting the email:xxodX@gmail.com
19:17:47.020 [main] INFO  com.qa.opencart.pages.RegistrationPage - enetering the email value
19:17:49.141 [main] INFO  com.qa.opencart.testcase.RegistrationTest - setting the telephone:3146069849
19:17:49.141 [main] INFO  com.qa.opencart.pages.RegistrationPage - enetering the telephone value
19:17:51.271 [main] INFO  com.qa.opencart.pages.RegistrationPage - eneter the company value in company editbox
19:17:53.423 [main] INFO  com.qa.opencart.pages.RegistrationPage - eneter the address1 value in address1 editbox
19:17:55.595 [main] INFO  com.qa.opencart.pages.RegistrationPage - eneter the address2 value in address2 editbox
19:17:57.719 [main] INFO  com.qa.opencart.pages.RegistrationPage - eneter the city value in city editbox
19:17:59.841 [main] INFO  com.qa.opencart.pages.RegistrationPage - eneter the postcode value in postcode editbox
19:18:01.987 [main] INFO  com.qa.opencart.pages.RegistrationPage - Select an option From country dropdown by label
19:18:02.110 [main] INFO  com.qa.opencart.utils.WebDriverUtils - Selected option : United States
19:18:02.110 [main] INFO  com.qa.opencart.pages.RegistrationPage - Select an option From State dropdown by value Attribute
19:18:02.346 [main] INFO  com.qa.opencart.utils.WebDriverUtils - Selected option : Kentucky
19:18:02.346 [main] INFO  com.qa.opencart.testcase.RegistrationTest - setting the password value is:vandana@123
19:18:02.346 [main] INFO  com.qa.opencart.pages.RegistrationPage - enetering the pwd value
19:18:04.482 [main] INFO  com.qa.opencart.pages.RegistrationPage - enetering the confirm value
19:18:06.641 [main] INFO  com.qa.opencart.testcase.RegistrationTest - select the subscribe option yes
19:18:06.641 [main] INFO  com.qa.opencart.pages.RegistrationPage - enetering the subscribe value
19:18:06.641 [main] INFO  com.qa.opencart.pages.RegistrationPage - select Yes radio buton
19:18:08.739 [main] INFO  com.qa.opencart.testcase.RegistrationTest - check the Privacy policy checkbox
19:18:08.740 [main] INFO  com.qa.opencart.pages.RegistrationPage - check Agree Checkbox
19:18:08.761 [main] INFO  com.qa.opencart.utils.WebDriverUtils - Element  is already selected:[[ChromeDriver: chrome on WINDOWS (b64cd2431c07c57de6cae30d4ecb14cd)] -> css selector: input[name='agree']]
19:18:12.903 [main] INFO  com.qa.opencart.utils.WebDriverUtils - Element is checked::[[ChromeDriver: chrome on WINDOWS (b64cd2431c07c57de6cae30d4ecb14cd)] -> css selector: input[name='agree']]
19:18:12.903 [main] INFO  com.qa.opencart.testcase.RegistrationTest - Click on Continue button
19:18:12.903 [main] INFO  com.qa.opencart.pages.RegistrationPage - click on Continue button
19:18:16.029 [main] INFO  com.qa.opencart.testcase.RegistrationTest - verify the Account Creation success message and  header 
19:18:20.156 [main] INFO  com.qa.opencart.testcase.RegistrationTest - click on Account Created Continue button
19:18:20.156 [main] INFO  com.qa.opencart.pages.RegistrationPage - click on AccountCreatedContinue button
19:18:22.618 [main] INFO  com.qa.opencart.testcase.RegistrationTest - validate the my Account Page title
19:18:22.623 [main] INFO  com.qa.opencart.utils.WebDriverUtils - Title of the page is :: My Account
19:18:22.623 [main] INFO  com.qa.opencart.testcase.RegistrationTest - click on logout link
19:19:08.033 [main] INFO  com.qa.opencart.factory.TestBase - create object for WebDriverWait class
19:19:08.389 [main] INFO  com.qa.opencart.testcase.LoginPageTest - initialising the page class objects
19:19:08.391 [main] INFO  com.qa.opencart.pages.HomePage - opening the myAccount menu
19:19:10.515 [main] INFO  com.qa.opencart.pages.HomePage - clik on Login link
19:20:41.755 [main] INFO  com.qa.opencart.factory.TestBase - create object for WebDriverWait class
19:20:42.117 [main] INFO  com.qa.opencart.testcase.MyAccountPageTest - initialising the page class objects
19:20:42.119 [main] INFO  com.qa.opencart.pages.HomePage - opening the myAccount menu
19:20:44.246 [main] INFO  com.qa.opencart.pages.HomePage - clik on Login link
19:22:15.471 [main] INFO  com.qa.opencart.factory.TestBase - create object for WebDriverWait class
19:22:15.831 [main] INFO  com.qa.opencart.testcase.ProductDetailsPageTest - initialising the page class objects
19:22:15.832 [main] INFO  com.qa.opencart.pages.HomePage - opening the myAccount menu
19:22:17.933 [main] INFO  com.qa.opencart.pages.HomePage - clik on Login link
19:33:08.096 [main] INFO  com.qa.opencart.factory.WebDriverFactory - Create Object for Properties class
19:33:08.099 [main] INFO  com.qa.opencart.factory.WebDriverFactory - Read the properties file
19:33:08.100 [main] INFO  com.qa.opencart.factory.WebDriverFactory - Create Object for Properties class
19:33:08.100 [main] INFO  com.qa.opencart.factory.WebDriverFactory - Read the properties file
19:33:10.430 [main] INFO  com.qa.opencart.factory.WebDriverFactory - clear the cache/cookies 
19:33:10.486 [main] INFO  com.qa.opencart.factory.WebDriverFactory - adding implicit wait 
19:33:10.493 [main] INFO  com.qa.opencart.factory.WebDriverFactory - maximize the window
19:33:10.606 [main] INFO  com.qa.opencart.factory.TestBase - create object for WebDriverWait class
19:33:15.616 [main] INFO  com.qa.opencart.testcase.HomePageTest - initialising the page class objects
19:33:15.737 [main] INFO  com.qa.opencart.testcase.HomePageTest - verify the Logo text
19:33:15.881 [main] INFO  com.qa.opencart.utils.WebDriverUtils - Title of the page is :: Your Store
19:33:15.890 [main] INFO  com.qa.opencart.testcase.HomePageTest - TC_02_Verifying the opencart Title
19:33:15.896 [main] INFO  com.qa.opencart.utils.WebDriverUtils - Title of the page is :: Your Store
19:33:15.985 [main] INFO  com.qa.opencart.utils.WebDriverUtils - Title of the page is :: Your Store
19:33:15.999 [main] INFO  com.qa.opencart.testcase.HomePageTest - TC_03_navigate to registration page
19:33:15.999 [main] INFO  com.qa.opencart.pages.HomePage - opening the myAccount menu
19:34:01.442 [main] INFO  com.qa.opencart.utils.WebDriverUtils - Title of the page is :: Your Store
19:34:01.460 [main] INFO  com.qa.opencart.testcase.HomePageTest - TC_04_navigate to Login page
19:34:01.460 [main] INFO  com.qa.opencart.pages.HomePage - opening the myAccount menu
19:34:46.941 [main] INFO  com.qa.opencart.utils.WebDriverUtils - Title of the page is :: Your Store
19:34:47.021 [main] INFO  com.qa.opencart.factory.WebDriverFactory - Create Object for Properties class
19:34:47.021 [main] INFO  com.qa.opencart.factory.WebDriverFactory - Read the properties file
19:34:47.022 [main] INFO  com.qa.opencart.factory.WebDriverFactory - Create Object for Properties class
19:34:47.022 [main] INFO  com.qa.opencart.factory.WebDriverFactory - Read the properties file
19:34:47.766 [main] INFO  com.qa.opencart.factory.WebDriverFactory - clear the cache/cookies 
19:34:47.807 [main] INFO  com.qa.opencart.factory.WebDriverFactory - adding implicit wait 
19:34:47.810 [main] INFO  com.qa.opencart.factory.WebDriverFactory - maximize the window
19:34:47.921 [main] INFO  com.qa.opencart.factory.TestBase - create object for WebDriverWait class
19:34:50.288 [main] INFO  com.qa.opencart.testcase.RegistrationTest - initialising the page class objects
19:34:51.640 [main] INFO  com.qa.opencart.testcase.RegistrationTest - navigate to registration page
19:34:51.641 [main] INFO  com.qa.opencart.pages.HomePage - opening the myAccount menu
19:35:37.238 [main] INFO  com.qa.opencart.factory.TestBase - create object for WebDriverWait class
19:35:37.751 [main] INFO  com.qa.opencart.testcase.LoginPageTest - initialising the page class objects
19:35:37.754 [main] INFO  com.qa.opencart.pages.HomePage - opening the myAccount menu
19:36:12.394 [main] INFO  com.qa.opencart.factory.WebDriverFactory - Create Object for Properties class
19:36:12.396 [main] INFO  com.qa.opencart.factory.WebDriverFactory - Read the properties file
19:36:12.397 [main] INFO  com.qa.opencart.factory.WebDriverFactory - Create Object for Properties class
19:36:12.397 [main] INFO  com.qa.opencart.factory.WebDriverFactory - Read the properties file
19:36:14.360 [main] INFO  com.qa.opencart.factory.WebDriverFactory - clear the cache/cookies 
19:36:14.413 [main] INFO  com.qa.opencart.factory.WebDriverFactory - adding implicit wait 
19:36:14.422 [main] INFO  com.qa.opencart.factory.WebDriverFactory - maximize the window
19:36:14.545 [main] INFO  com.qa.opencart.factory.TestBase - create object for WebDriverWait class
19:36:18.369 [main] INFO  com.qa.opencart.testcase.HomePageTest - initialising the page class objects
19:36:18.507 [main] INFO  com.qa.opencart.testcase.HomePageTest - verify the Logo text
19:36:18.665 [main] INFO  com.qa.opencart.utils.WebDriverUtils - Title of the page is :: Your Store
19:36:18.677 [main] INFO  com.qa.opencart.testcase.HomePageTest - TC_02_Verifying the opencart Title
19:36:18.682 [main] INFO  com.qa.opencart.utils.WebDriverUtils - Title of the page is :: Your Store
19:36:18.770 [main] INFO  com.qa.opencart.utils.WebDriverUtils - Title of the page is :: Your Store
19:36:18.783 [main] INFO  com.qa.opencart.testcase.HomePageTest - TC_03_navigate to registration page
19:36:18.783 [main] INFO  com.qa.opencart.pages.HomePage - opening the myAccount menu
19:36:20.914 [main] INFO  com.qa.opencart.pages.HomePage - click on Register link 
19:36:23.589 [main] INFO  com.qa.opencart.testcase.HomePageTest - Assert the Registration page title
19:36:23.597 [main] INFO  com.qa.opencart.utils.WebDriverUtils - Title of the page is :: Register Account
19:36:23.597 [main] INFO  com.qa.opencart.testcase.HomePageTest - Click on Home icon in Registration page
19:36:23.597 [main] INFO  com.qa.opencart.pages.RegistrationPage - clickHomeIcon
19:36:24.047 [main] INFO  com.qa.opencart.utils.WebDriverUtils - Title of the page is :: Your Store
19:36:24.058 [main] INFO  com.qa.opencart.testcase.HomePageTest - TC_04_navigate to Login page
19:36:24.058 [main] INFO  com.qa.opencart.pages.HomePage - opening the myAccount menu
19:36:26.189 [main] INFO  com.qa.opencart.pages.HomePage - clik on Login link
19:36:28.583 [main] INFO  com.qa.opencart.testcase.HomePageTest - Assert the Login page title
19:36:28.588 [main] INFO  com.qa.opencart.utils.WebDriverUtils - Title of the page is :: Account Login
19:36:28.588 [main] INFO  com.qa.opencart.testcase.HomePageTest - Click on Home icon in Login page
19:36:28.589 [main] INFO  com.qa.opencart.pages.LoginPage - clickHomeIcon
19:36:28.990 [main] INFO  com.qa.opencart.utils.WebDriverUtils - Title of the page is :: Your Store
19:36:29.080 [main] INFO  com.qa.opencart.factory.WebDriverFactory - Create Object for Properties class
19:36:29.080 [main] INFO  com.qa.opencart.factory.WebDriverFactory - Read the properties file
19:36:29.080 [main] INFO  com.qa.opencart.factory.WebDriverFactory - Create Object for Properties class
19:36:29.080 [main] INFO  com.qa.opencart.factory.WebDriverFactory - Read the properties file
19:36:29.800 [main] INFO  com.qa.opencart.factory.WebDriverFactory - clear the cache/cookies 
19:36:29.856 [main] INFO  com.qa.opencart.factory.WebDriverFactory - adding implicit wait 
19:36:29.858 [main] INFO  com.qa.opencart.factory.WebDriverFactory - maximize the window
19:36:29.970 [main] INFO  com.qa.opencart.factory.TestBase - create object for WebDriverWait class
19:36:32.278 [main] INFO  com.qa.opencart.testcase.RegistrationTest - initialising the page class objects
19:36:33.607 [main] INFO  com.qa.opencart.testcase.RegistrationTest - navigate to registration page
19:36:33.607 [main] INFO  com.qa.opencart.pages.HomePage - opening the myAccount menu
19:36:35.745 [main] INFO  com.qa.opencart.pages.HomePage - click on Register link 
19:36:38.541 [main] INFO  com.qa.opencart.testcase.RegistrationTest - Verify the Registration page title
19:36:38.551 [main] INFO  com.qa.opencart.utils.WebDriverUtils - Title of the page is :: Register Account
19:36:38.554 [main] INFO  com.qa.opencart.testcase.RegistrationTest - setting the first name:Vandana
19:36:38.554 [main] INFO  com.qa.opencart.pages.RegistrationPage - enetering the firstname value
19:36:40.693 [main] INFO  com.qa.opencart.testcase.RegistrationTest - setting the last name:senthil
19:36:40.693 [main] INFO  com.qa.opencart.pages.RegistrationPage - enetering the larstname value
19:36:42.817 [main] INFO  com.qa.opencart.testcase.RegistrationTest - setting the email:SixdP@gmail.com
19:36:42.818 [main] INFO  com.qa.opencart.pages.RegistrationPage - enetering the email value
19:36:44.966 [main] INFO  com.qa.opencart.testcase.RegistrationTest - setting the telephone:3146069849
19:36:44.966 [main] INFO  com.qa.opencart.pages.RegistrationPage - enetering the telephone value
19:36:47.091 [main] INFO  com.qa.opencart.pages.RegistrationPage - eneter the company value in company editbox
19:36:49.216 [main] INFO  com.qa.opencart.pages.RegistrationPage - eneter the address1 value in address1 editbox
19:36:51.357 [main] INFO  com.qa.opencart.pages.RegistrationPage - eneter the address2 value in address2 editbox
19:36:53.496 [main] INFO  com.qa.opencart.pages.RegistrationPage - eneter the city value in city editbox
19:36:55.626 [main] INFO  com.qa.opencart.pages.RegistrationPage - eneter the postcode value in postcode editbox
19:36:57.747 [main] INFO  com.qa.opencart.pages.RegistrationPage - Select an option From country dropdown by label
19:36:57.851 [main] INFO  com.qa.opencart.utils.WebDriverUtils - Selected option : United States
19:36:57.851 [main] INFO  com.qa.opencart.pages.RegistrationPage - Select an option From State dropdown by value Attribute
19:36:58.102 [main] INFO  com.qa.opencart.utils.WebDriverUtils - Selected option : Illinois
19:36:58.102 [main] INFO  com.qa.opencart.testcase.RegistrationTest - setting the password value is:vandana@123
19:36:58.102 [main] INFO  com.qa.opencart.pages.RegistrationPage - enetering the pwd value
19:37:00.230 [main] INFO  com.qa.opencart.pages.RegistrationPage - enetering the confirm value
19:37:02.349 [main] INFO  com.qa.opencart.testcase.RegistrationTest - select the subscribe option yes
19:37:02.349 [main] INFO  com.qa.opencart.pages.RegistrationPage - enetering the subscribe value
19:37:02.349 [main] INFO  com.qa.opencart.pages.RegistrationPage - select Yes radio buton
19:37:04.454 [main] INFO  com.qa.opencart.testcase.RegistrationTest - check the Privacy policy checkbox
19:37:04.454 [main] INFO  com.qa.opencart.pages.RegistrationPage - check Agree Checkbox
19:37:04.474 [main] INFO  com.qa.opencart.utils.WebDriverUtils - Element  is already selected:[[ChromeDriver: chrome on WINDOWS (94f155815814923c3522b1edad80ac27)] -> css selector: input[name='agree']]
19:37:08.597 [main] INFO  com.qa.opencart.utils.WebDriverUtils - Element is checked::[[ChromeDriver: chrome on WINDOWS (94f155815814923c3522b1edad80ac27)] -> css selector: input[name='agree']]
19:37:08.597 [main] INFO  com.qa.opencart.testcase.RegistrationTest - Click on Continue button
19:37:08.597 [main] INFO  com.qa.opencart.pages.RegistrationPage - click on Continue button
19:37:11.864 [main] INFO  com.qa.opencart.testcase.RegistrationTest - verify the Account Creation success message and  header 
19:37:15.997 [main] INFO  com.qa.opencart.testcase.RegistrationTest - click on Account Created Continue button
19:37:15.997 [main] INFO  com.qa.opencart.pages.RegistrationPage - click on AccountCreatedContinue button
19:37:18.470 [main] INFO  com.qa.opencart.testcase.RegistrationTest - validate the my Account Page title
19:37:18.477 [main] INFO  com.qa.opencart.utils.WebDriverUtils - Title of the page is :: My Account
19:37:18.477 [main] INFO  com.qa.opencart.testcase.RegistrationTest - click on logout link
19:38:03.867 [main] INFO  com.qa.opencart.factory.TestBase - create object for WebDriverWait class
19:38:04.237 [main] INFO  com.qa.opencart.testcase.LoginPageTest - initialising the page class objects
19:38:04.240 [main] INFO  com.qa.opencart.pages.HomePage - opening the myAccount menu
19:38:06.363 [main] INFO  com.qa.opencart.pages.HomePage - clik on Login link
19:39:27.123 [main] INFO  com.qa.opencart.factory.WebDriverFactory - Create Object for Properties class
19:39:27.128 [main] INFO  com.qa.opencart.factory.WebDriverFactory - Read the properties file
19:39:27.131 [main] INFO  com.qa.opencart.factory.WebDriverFactory - Create Object for Properties class
19:39:27.131 [main] INFO  com.qa.opencart.factory.WebDriverFactory - Read the properties file
19:39:30.707 [main] INFO  com.qa.opencart.factory.WebDriverFactory - clear the cache/cookies 
19:39:30.781 [main] INFO  com.qa.opencart.factory.WebDriverFactory - adding implicit wait 
19:39:30.794 [main] INFO  com.qa.opencart.factory.WebDriverFactory - maximize the window
19:39:30.913 [main] INFO  com.qa.opencart.factory.TestBase - create object for WebDriverWait class
19:39:33.326 [main] INFO  com.qa.opencart.testcase.HomePageTest - initialising the page class objects
19:39:33.563 [main] INFO  com.qa.opencart.testcase.HomePageTest - verify the Logo text
19:39:33.901 [main] INFO  com.qa.opencart.utils.WebDriverUtils - Title of the page is :: Your Store
19:39:33.929 [main] INFO  com.qa.opencart.testcase.HomePageTest - TC_02_Verifying the opencart Title
19:39:33.949 [main] INFO  com.qa.opencart.utils.WebDriverUtils - Title of the page is :: Your Store
19:39:34.138 [main] INFO  com.qa.opencart.utils.WebDriverUtils - Title of the page is :: Your Store
19:39:34.163 [main] INFO  com.qa.opencart.testcase.HomePageTest - TC_03_navigate to registration page
19:39:34.163 [main] INFO  com.qa.opencart.pages.HomePage - opening the myAccount menu
19:39:36.389 [main] INFO  com.qa.opencart.pages.HomePage - click on Register link 
19:39:39.028 [main] INFO  com.qa.opencart.testcase.HomePageTest - Assert the Registration page title
19:39:39.034 [main] INFO  com.qa.opencart.utils.WebDriverUtils - Title of the page is :: Register Account
19:39:39.034 [main] INFO  com.qa.opencart.testcase.HomePageTest - Click on Home icon in Registration page
19:39:39.035 [main] INFO  com.qa.opencart.pages.RegistrationPage - clickHomeIcon
19:39:39.438 [main] INFO  com.qa.opencart.utils.WebDriverUtils - Title of the page is :: Your Store
19:39:39.450 [main] INFO  com.qa.opencart.testcase.HomePageTest - TC_04_navigate to Login page
19:39:39.450 [main] INFO  com.qa.opencart.pages.HomePage - opening the myAccount menu
19:39:41.588 [main] INFO  com.qa.opencart.pages.HomePage - clik on Login link
19:39:43.989 [main] INFO  com.qa.opencart.testcase.HomePageTest - Assert the Login page title
19:39:43.995 [main] INFO  com.qa.opencart.utils.WebDriverUtils - Title of the page is :: Account Login
19:39:43.995 [main] INFO  com.qa.opencart.testcase.HomePageTest - Click on Home icon in Login page
19:39:43.996 [main] INFO  com.qa.opencart.pages.LoginPage - clickHomeIcon
19:39:44.402 [main] INFO  com.qa.opencart.utils.WebDriverUtils - Title of the page is :: Your Store
19:39:44.484 [main] INFO  com.qa.opencart.factory.WebDriverFactory - Create Object for Properties class
19:39:44.484 [main] INFO  com.qa.opencart.factory.WebDriverFactory - Read the properties file
19:39:44.484 [main] INFO  com.qa.opencart.factory.WebDriverFactory - Create Object for Properties class
19:39:44.484 [main] INFO  com.qa.opencart.factory.WebDriverFactory - Read the properties file
19:39:45.347 [main] INFO  com.qa.opencart.factory.WebDriverFactory - clear the cache/cookies 
19:39:45.408 [main] INFO  com.qa.opencart.factory.WebDriverFactory - adding implicit wait 
19:39:45.415 [main] INFO  com.qa.opencart.factory.WebDriverFactory - maximize the window
19:39:45.543 [main] INFO  com.qa.opencart.factory.TestBase - create object for WebDriverWait class
19:39:48.152 [main] INFO  com.qa.opencart.testcase.RegistrationTest - initialising the page class objects
19:39:51.325 [main] INFO  com.qa.opencart.testcase.RegistrationTest - navigate to registration page
19:39:51.325 [main] INFO  com.qa.opencart.pages.HomePage - opening the myAccount menu
19:39:53.513 [main] INFO  com.qa.opencart.pages.HomePage - click on Register link 
19:39:56.452 [main] INFO  com.qa.opencart.testcase.RegistrationTest - Verify the Registration page title
19:39:56.463 [main] INFO  com.qa.opencart.utils.WebDriverUtils - Title of the page is :: Register Account
19:39:56.466 [main] INFO  com.qa.opencart.testcase.RegistrationTest - setting the first name:Vandana
19:39:56.466 [main] INFO  com.qa.opencart.pages.RegistrationPage - enetering the firstname value
19:39:58.629 [main] INFO  com.qa.opencart.testcase.RegistrationTest - setting the last name:senthil
19:39:58.629 [main] INFO  com.qa.opencart.pages.RegistrationPage - enetering the larstname value
19:40:00.780 [main] INFO  com.qa.opencart.testcase.RegistrationTest - setting the email:FlLGW@gmail.com
19:40:00.780 [main] INFO  com.qa.opencart.pages.RegistrationPage - enetering the email value
19:40:02.932 [main] INFO  com.qa.opencart.testcase.RegistrationTest - setting the telephone:3146069849
19:40:02.932 [main] INFO  com.qa.opencart.pages.RegistrationPage - enetering the telephone value
19:40:05.049 [main] INFO  com.qa.opencart.pages.RegistrationPage - eneter the company value in company editbox
19:40:07.194 [main] INFO  com.qa.opencart.pages.RegistrationPage - eneter the address1 value in address1 editbox
19:40:09.346 [main] INFO  com.qa.opencart.pages.RegistrationPage - eneter the address2 value in address2 editbox
19:40:11.476 [main] INFO  com.qa.opencart.pages.RegistrationPage - eneter the city value in city editbox
19:40:13.603 [main] INFO  com.qa.opencart.pages.RegistrationPage - eneter the postcode value in postcode editbox
19:40:15.727 [main] INFO  com.qa.opencart.pages.RegistrationPage - Select an option From country dropdown by label
19:40:15.848 [main] INFO  com.qa.opencart.utils.WebDriverUtils - Selected option : United States
19:40:15.848 [main] INFO  com.qa.opencart.pages.RegistrationPage - Select an option From State dropdown by value Attribute
19:40:16.149 [main] INFO  com.qa.opencart.utils.WebDriverUtils - Selected option : Wyoming
19:40:16.149 [main] INFO  com.qa.opencart.testcase.RegistrationTest - setting the password value is:vandana@123
19:40:16.149 [main] INFO  com.qa.opencart.pages.RegistrationPage - enetering the pwd value
19:40:18.289 [main] INFO  com.qa.opencart.pages.RegistrationPage - enetering the confirm value
19:40:20.432 [main] INFO  com.qa.opencart.testcase.RegistrationTest - select the subscribe option yes
19:40:20.432 [main] INFO  com.qa.opencart.pages.RegistrationPage - enetering the subscribe value
19:40:20.432 [main] INFO  com.qa.opencart.pages.RegistrationPage - select Yes radio buton
19:40:22.520 [main] INFO  com.qa.opencart.testcase.RegistrationTest - check the Privacy policy checkbox
19:40:22.520 [main] INFO  com.qa.opencart.pages.RegistrationPage - check Agree Checkbox
19:40:22.544 [main] INFO  com.qa.opencart.utils.WebDriverUtils - Element  is already selected:[[ChromeDriver: chrome on WINDOWS (00840b3b8401a5c9470991df9ad7b37b)] -> css selector: input[name='agree']]
19:40:26.685 [main] INFO  com.qa.opencart.utils.WebDriverUtils - Element is checked::[[ChromeDriver: chrome on WINDOWS (00840b3b8401a5c9470991df9ad7b37b)] -> css selector: input[name='agree']]
19:40:26.685 [main] INFO  com.qa.opencart.testcase.RegistrationTest - Click on Continue button
19:40:26.685 [main] INFO  com.qa.opencart.pages.RegistrationPage - click on Continue button
19:40:29.494 [main] INFO  com.qa.opencart.testcase.RegistrationTest - verify the Account Creation success message and  header 
19:40:33.627 [main] INFO  com.qa.opencart.testcase.RegistrationTest - click on Account Created Continue button
19:40:33.627 [main] INFO  com.qa.opencart.pages.RegistrationPage - click on AccountCreatedContinue button
19:40:36.226 [main] INFO  com.qa.opencart.testcase.RegistrationTest - validate the my Account Page title
19:40:36.231 [main] INFO  com.qa.opencart.utils.WebDriverUtils - Title of the page is :: My Account
19:40:36.231 [main] INFO  com.qa.opencart.testcase.RegistrationTest - click on logout link
19:40:40.900 [main] INFO  com.qa.opencart.testcase.RegistrationTest - validate the logout Page title
19:40:40.908 [main] INFO  com.qa.opencart.utils.WebDriverUtils - Title of the page is :: Account Logout
19:40:40.908 [main] INFO  com.qa.opencart.testcase.RegistrationTest - Click on Continue button in Logout page
19:40:43.326 [main] INFO  com.qa.opencart.testcase.RegistrationTest - navigate to registration page
19:40:43.326 [main] INFO  com.qa.opencart.pages.HomePage - opening the myAccount menu
19:40:45.433 [main] INFO  com.qa.opencart.pages.HomePage - click on Register link 
19:40:47.882 [main] INFO  com.qa.opencart.testcase.RegistrationTest - Verify the Registration page title
19:40:47.891 [main] INFO  com.qa.opencart.utils.WebDriverUtils - Title of the page is :: Register Account
19:40:47.894 [main] INFO  com.qa.opencart.testcase.RegistrationTest - setting the first name:sreedevi
19:40:47.894 [main] INFO  com.qa.opencart.pages.RegistrationPage - enetering the firstname value
19:40:50.037 [main] INFO  com.qa.opencart.testcase.RegistrationTest - setting the last name:Doolla
19:40:50.037 [main] INFO  com.qa.opencart.pages.RegistrationPage - enetering the larstname value
19:40:52.178 [main] INFO  com.qa.opencart.testcase.RegistrationTest - setting the email:jXsKk@gmail.com
19:40:52.178 [main] INFO  com.qa.opencart.pages.RegistrationPage - enetering the email value
19:40:54.292 [main] INFO  com.qa.opencart.testcase.RegistrationTest - setting the telephone:9980193573
19:40:54.293 [main] INFO  com.qa.opencart.pages.RegistrationPage - enetering the telephone value
19:40:56.398 [main] INFO  com.qa.opencart.pages.RegistrationPage - eneter the company value in company editbox
19:40:58.523 [main] INFO  com.qa.opencart.pages.RegistrationPage - eneter the address1 value in address1 editbox
19:41:00.672 [main] INFO  com.qa.opencart.pages.RegistrationPage - eneter the address2 value in address2 editbox
19:41:02.808 [main] INFO  com.qa.opencart.pages.RegistrationPage - eneter the city value in city editbox
19:41:04.935 [main] INFO  com.qa.opencart.pages.RegistrationPage - eneter the postcode value in postcode editbox
19:41:07.051 [main] INFO  com.qa.opencart.pages.RegistrationPage - Select an option From country dropdown by label
19:41:07.153 [main] INFO  com.qa.opencart.utils.WebDriverUtils - Selected option : United States
19:41:07.153 [main] INFO  com.qa.opencart.pages.RegistrationPage - Select an option From State dropdown by value Attribute
19:41:07.388 [main] INFO  com.qa.opencart.utils.WebDriverUtils - Selected option : Wyoming
19:41:07.389 [main] INFO  com.qa.opencart.testcase.RegistrationTest - setting the password value is:sridevi@123
19:41:07.389 [main] INFO  com.qa.opencart.pages.RegistrationPage - enetering the pwd value
19:41:09.513 [main] INFO  com.qa.opencart.pages.RegistrationPage - enetering the confirm value
19:41:11.638 [main] INFO  com.qa.opencart.testcase.RegistrationTest - select the subscribe option yes
19:41:11.638 [main] INFO  com.qa.opencart.pages.RegistrationPage - enetering the subscribe value
19:41:11.638 [main] INFO  com.qa.opencart.pages.RegistrationPage - select No radio buton
19:41:13.756 [main] INFO  com.qa.opencart.testcase.RegistrationTest - check the Privacy policy checkbox
19:41:13.757 [main] INFO  com.qa.opencart.pages.RegistrationPage - check Agree Checkbox
19:41:13.788 [main] INFO  com.qa.opencart.utils.WebDriverUtils - Element  is already selected:[[ChromeDriver: chrome on WINDOWS (00840b3b8401a5c9470991df9ad7b37b)] -> css selector: input[name='agree']]
19:41:17.927 [main] INFO  com.qa.opencart.utils.WebDriverUtils - Element is checked::[[ChromeDriver: chrome on WINDOWS (00840b3b8401a5c9470991df9ad7b37b)] -> css selector: input[name='agree']]
19:41:17.927 [main] INFO  com.qa.opencart.testcase.RegistrationTest - Click on Continue button
19:41:17.927 [main] INFO  com.qa.opencart.pages.RegistrationPage - click on Continue button
19:41:20.532 [main] INFO  com.qa.opencart.testcase.RegistrationTest - verify the Account Creation success message and  header 
19:41:24.698 [main] INFO  com.qa.opencart.testcase.RegistrationTest - click on Account Created Continue button
19:41:24.698 [main] INFO  com.qa.opencart.pages.RegistrationPage - click on AccountCreatedContinue button
19:41:27.141 [main] INFO  com.qa.opencart.testcase.RegistrationTest - validate the my Account Page title
19:41:27.148 [main] INFO  com.qa.opencart.utils.WebDriverUtils - Title of the page is :: My Account
19:41:27.149 [main] INFO  com.qa.opencart.testcase.RegistrationTest - click on logout link
19:41:31.878 [main] INFO  com.qa.opencart.testcase.RegistrationTest - validate the logout Page title
19:41:31.892 [main] INFO  com.qa.opencart.utils.WebDriverUtils - Title of the page is :: Account Logout
19:41:31.892 [main] INFO  com.qa.opencart.testcase.RegistrationTest - Click on Continue button in Logout page
19:41:34.311 [main] INFO  com.qa.opencart.testcase.RegistrationTest - navigate to registration page
19:41:34.311 [main] INFO  com.qa.opencart.pages.HomePage - opening the myAccount menu
19:41:36.415 [main] INFO  com.qa.opencart.pages.HomePage - click on Register link 
19:41:38.900 [main] INFO  com.qa.opencart.testcase.RegistrationTest - Verify the Registration page title
19:41:38.909 [main] INFO  com.qa.opencart.utils.WebDriverUtils - Title of the page is :: Register Account
19:41:38.912 [main] INFO  com.qa.opencart.testcase.RegistrationTest - setting the first name:harshini
19:41:38.912 [main] INFO  com.qa.opencart.pages.RegistrationPage - enetering the firstname value
19:41:41.071 [main] INFO  com.qa.opencart.testcase.RegistrationTest - setting the last name:ch
19:41:41.071 [main] INFO  com.qa.opencart.pages.RegistrationPage - enetering the larstname value
19:41:43.208 [main] INFO  com.qa.opencart.testcase.RegistrationTest - setting the email:lZJXm@gmail.com
19:41:43.208 [main] INFO  com.qa.opencart.pages.RegistrationPage - enetering the email value
19:41:45.348 [main] INFO  com.qa.opencart.testcase.RegistrationTest - setting the telephone:6303236395
19:41:45.348 [main] INFO  com.qa.opencart.pages.RegistrationPage - enetering the telephone value
19:41:47.486 [main] INFO  com.qa.opencart.pages.RegistrationPage - eneter the company value in company editbox
19:41:49.596 [main] INFO  com.qa.opencart.pages.RegistrationPage - eneter the address1 value in address1 editbox
19:41:51.711 [main] INFO  com.qa.opencart.pages.RegistrationPage - eneter the address2 value in address2 editbox
