19:11:23.822 [main] INFO  com.qa.opencart.pages.RegistrationPage - select Yes radio buton
19:11:26.013 [main] INFO  com.qa.opencart.testcase.RegistrationTest - check the Privacy policy checkbox
19:11:26.014 [main] INFO  com.qa.opencart.pages.RegistrationPage - check Agree Checkbox
19:11:26.049 [main] INFO  com.qa.opencart.utils.WebDriverUtils - Element  is already selected:[[ChromeDriver: chrome on WINDOWS (1b4114eea5f908f274f1f8b440cacb66)] -> css selector: input[name='agree']]
19:11:30.265 [main] INFO  com.qa.opencart.utils.WebDriverUtils - Element is checked::[[ChromeDriver: chrome on WINDOWS (1b4114eea5f908f274f1f8b440cacb66)] -> css selector: input[name='agree']]
19:11:30.267 [main] INFO  com.qa.opencart.testcase.RegistrationTest - Click on Continue button
19:11:30.267 [main] INFO  com.qa.opencart.pages.RegistrationPage - click on Continue button
19:11:33.232 [main] INFO  com.qa.opencart.testcase.RegistrationTest - verify the Account Creation success message and  header 
19:11:37.466 [main] INFO  com.qa.opencart.testcase.RegistrationTest - click on Account Created Continue button
19:11:37.467 [main] INFO  com.qa.opencart.pages.RegistrationPage - click on AccountCreatedContinue button
19:11:40.021 [main] INFO  com.qa.opencart.testcase.RegistrationTest - validate the my Account Page title
19:11:40.031 [main] INFO  com.qa.opencart.utils.WebDriverUtils - Title of the page is :: My Account
18:13:15.414 [main] INFO  com.qa.opencart.factory.WebDriverFactory - clear the cache/cookies 
18:13:15.445 [main] INFO  com.qa.opencart.factory.WebDriverFactory - adding implicit wait 
18:13:15.461 [main] INFO  com.qa.opencart.factory.WebDriverFactory - maximize the window
18:13:15.609 [main] INFO  com.qa.opencart.factory.TestBase - create object for WebDriverWait class
18:13:16.564 [main] INFO  com.qa.opencart.testcase.HomePageTest - initialising the page class objects
18:13:16.914 [main] INFO  com.qa.opencart.testcase.HomePageTest - verify the Logo text
18:14:48.316 [main] INFO  com.qa.opencart.utils.WebDriverUtils - Title of the page is :: Your Store
18:14:48.340 [main] INFO  com.qa.opencart.testcase.HomePageTest - TC_02_Verifying the opencart Title
18:14:48.348 [main] INFO  com.qa.opencart.utils.WebDriverUtils - Title of the page is :: Your Store
18:14:48.706 [main] INFO  com.qa.opencart.utils.WebDriverUtils - Title of the page is :: Your Store
18:14:48.730 [main] INFO  com.qa.opencart.testcase.HomePageTest - TC_03_navigate to registration page
18:14:48.730 [main] INFO  com.qa.opencart.pages.HomePage - opening the myAccount menu
18:16:20.332 [main] INFO  com.qa.opencart.utils.WebDriverUtils - Title of the page is :: Your Store
18:16:20.348 [main] INFO  com.qa.opencart.testcase.HomePageTest - TC_04_navigate to Login page
18:16:20.349 [main] INFO  com.qa.opencart.pages.HomePage - opening the myAccount menu
18:17:51.981 [main] INFO  com.qa.opencart.utils.WebDriverUtils - Title of the page is :: Your Store
18:17:53.359 [main] INFO  com.qa.opencart.factory.WebDriverFactory - clear the cache/cookies 
18:17:53.379 [main] INFO  com.qa.opencart.factory.WebDriverFactory - adding implicit wait 
18:17:53.384 [main] INFO  com.qa.opencart.factory.WebDriverFactory - maximize the window
18:17:53.528 [main] INFO  com.qa.opencart.factory.TestBase - create object for WebDriverWait class
18:17:54.464 [main] INFO  com.qa.opencart.testcase.RegistrationTest - initialising the page class objects
18:17:56.447 [main] INFO  com.qa.opencart.testcase.RegistrationTest - navigate to registration page
18:17:56.447 [main] INFO  com.qa.opencart.pages.HomePage - opening the myAccount menu
17:45:52.797 [main] INFO  com.qa.opencart.factory.WebDriverFactory - clear the cache/cookies 
17:45:52.824 [main] INFO  com.qa.opencart.factory.WebDriverFactory - adding implicit wait 
17:45:52.838 [main] INFO  com.qa.opencart.factory.WebDriverFactory - maximize the window
17:45:52.975 [main] INFO  com.qa.opencart.factory.TestBase - create object for WebDriverWait class
17:45:55.324 [main] INFO  com.qa.opencart.testcase.HomePageTest - initialising the page class objects
17:45:55.483 [main] INFO  com.qa.opencart.testcase.HomePageTest - verify the Logo text
17:45:55.831 [main] INFO  com.qa.opencart.utils.WebDriverUtils - Title of the page is :: Your Store
17:45:55.843 [main] INFO  com.qa.opencart.testcase.HomePageTest - TC_02_Verifying the opencart Title
17:45:55.848 [main] INFO  com.qa.opencart.utils.WebDriverUtils - Title of the page is :: Your Store
17:45:56.113 [main] INFO  com.qa.opencart.utils.WebDriverUtils - Title of the page is :: Your Store
17:45:56.123 [main] INFO  com.qa.opencart.testcase.HomePageTest - TC_03_navigate to registration page
17:45:56.124 [main] INFO  com.qa.opencart.pages.HomePage - opening the myAccount menu
17:45:58.290 [main] INFO  com.qa.opencart.pages.HomePage - click on Register link 
17:46:01.026 [main] INFO  com.qa.opencart.testcase.HomePageTest - Assert the Registration page title
17:46:01.037 [main] INFO  com.qa.opencart.utils.WebDriverUtils - Title of the page is :: Register Account
17:46:01.037 [main] INFO  com.qa.opencart.testcase.HomePageTest - Click on Home icon in Registration page
17:46:01.037 [main] INFO  com.qa.opencart.pages.RegistrationPage - clickHomeIcon
17:46:01.761 [main] INFO  com.qa.opencart.utils.WebDriverUtils - Title of the page is :: Your Store
17:46:01.787 [main] INFO  com.qa.opencart.testcase.HomePageTest - TC_04_navigate to Login page
17:46:01.787 [main] INFO  com.qa.opencart.pages.HomePage - opening the myAccount menu
17:46:03.935 [main] INFO  com.qa.opencart.pages.HomePage - clik on Login link
17:46:06.428 [main] INFO  com.qa.opencart.testcase.HomePageTest - Assert the Login page title
17:46:06.436 [main] INFO  com.qa.opencart.utils.WebDriverUtils - Title of the page is :: Account Login
17:46:06.436 [main] INFO  com.qa.opencart.testcase.HomePageTest - Click on Home icon in Login page
17:46:06.436 [main] INFO  com.qa.opencart.pages.LoginPage - clickHomeIcon
17:46:07.143 [main] INFO  com.qa.opencart.utils.WebDriverUtils - Title of the page is :: Your Store
18:22:38.692 [main] INFO  com.qa.opencart.factory.WebDriverFactory - clear the cache/cookies 
18:22:38.732 [main] INFO  com.qa.opencart.factory.WebDriverFactory - adding implicit wait 
18:22:38.749 [main] INFO  com.qa.opencart.factory.WebDriverFactory - maximize the window
18:22:38.908 [main] INFO  com.qa.opencart.factory.TestBase - create object for WebDriverWait class
18:22:41.705 [main] INFO  com.qa.opencart.testcase.HomePageTest - initialising the page class objects
18:22:41.969 [main] INFO  com.qa.opencart.testcase.HomePageTest - verify the Logo text
18:22:42.428 [main] INFO  com.qa.opencart.utils.WebDriverUtils - Title of the page is :: Your Store
18:22:42.440 [main] INFO  com.qa.opencart.testcase.HomePageTest - TC_02_Verifying the opencart Title
18:22:42.449 [main] INFO  com.qa.opencart.utils.WebDriverUtils - Title of the page is :: Your Store
18:22:42.795 [main] INFO  com.qa.opencart.utils.WebDriverUtils - Title of the page is :: Your Store
18:22:42.824 [main] INFO  com.qa.opencart.testcase.HomePageTest - TC_03_navigate to registration page
18:22:42.825 [main] INFO  com.qa.opencart.pages.HomePage - opening the myAccount menu
18:22:45.030 [main] INFO  com.qa.opencart.pages.HomePage - click on Register link 
18:22:47.899 [main] INFO  com.qa.opencart.testcase.HomePageTest - Assert the Registration page title
18:22:47.910 [main] INFO  com.qa.opencart.utils.WebDriverUtils - Title of the page is :: Register Account
18:22:47.910 [main] INFO  com.qa.opencart.testcase.HomePageTest - Click on Home icon in Registration page
18:22:47.910 [main] INFO  com.qa.opencart.pages.RegistrationPage - clickHomeIcon
18:22:48.802 [main] INFO  com.qa.opencart.utils.WebDriverUtils - Title of the page is :: Your Store
18:22:48.829 [main] INFO  com.qa.opencart.testcase.HomePageTest - TC_04_navigate to Login page
18:22:48.829 [main] INFO  com.qa.opencart.pages.HomePage - opening the myAccount menu
18:22:51.046 [main] INFO  com.qa.opencart.pages.HomePage - clik on Login link
18:22:53.595 [main] INFO  com.qa.opencart.testcase.HomePageTest - Assert the Login page title
18:22:53.601 [main] INFO  com.qa.opencart.utils.WebDriverUtils - Title of the page is :: Account Login
18:22:53.602 [main] INFO  com.qa.opencart.testcase.HomePageTest - Click on Home icon in Login page
18:22:53.602 [main] INFO  com.qa.opencart.pages.LoginPage - clickHomeIcon
18:22:54.386 [main] INFO  com.qa.opencart.utils.WebDriverUtils - Title of the page is :: Your Store
18:22:56.223 [main] INFO  com.qa.opencart.factory.WebDriverFactory - clear the cache/cookies 
18:22:56.252 [main] INFO  com.qa.opencart.factory.WebDriverFactory - adding implicit wait 
18:22:56.261 [main] INFO  com.qa.opencart.factory.WebDriverFactory - maximize the window
18:22:56.439 [main] INFO  com.qa.opencart.factory.TestBase - create object for WebDriverWait class
18:22:59.418 [main] INFO  com.qa.opencart.testcase.RegistrationTest - initialising the page class objects
18:23:01.663 [main] INFO  com.qa.opencart.testcase.RegistrationTest - navigate to registration page
18:23:01.663 [main] INFO  com.qa.opencart.pages.HomePage - opening the myAccount menu
18:23:03.849 [main] INFO  com.qa.opencart.pages.HomePage - click on Register link 
18:23:06.999 [main] INFO  com.qa.opencart.testcase.RegistrationTest - Verify the Registration page title
18:23:07.023 [main] INFO  com.qa.opencart.utils.WebDriverUtils - Title of the page is :: Register Account
18:23:07.035 [main] INFO  com.qa.opencart.testcase.RegistrationTest - setting the first name:Tkkkb
18:23:07.035 [main] INFO  com.qa.opencart.pages.RegistrationPage - enetering the firstname value
18:23:09.288 [main] INFO  com.qa.opencart.testcase.RegistrationTest - setting the last name:rkSuR
18:23:09.288 [main] INFO  com.qa.opencart.pages.RegistrationPage - enetering the larstname value
18:23:11.521 [main] INFO  com.qa.opencart.testcase.RegistrationTest - setting the email:mQJqM@gmail.com
18:23:11.521 [main] INFO  com.qa.opencart.pages.RegistrationPage - enetering the email value
18:23:13.771 [main] INFO  com.qa.opencart.testcase.RegistrationTest - setting the telephone:2940795709
18:23:13.772 [main] INFO  com.qa.opencart.pages.RegistrationPage - enetering the telephone value
18:23:15.974 [main] INFO  com.qa.opencart.testcase.RegistrationTest - Entering the Address details ....
18:23:15.974 [main] INFO  com.qa.opencart.pages.RegistrationPage - eneter the company value in company editbox
18:23:18.210 [main] INFO  com.qa.opencart.pages.RegistrationPage - eneter the address1 value in address1 editbox
18:23:20.427 [main] INFO  com.qa.opencart.pages.RegistrationPage - eneter the address2 value in address2 editbox
18:23:22.654 [main] INFO  com.qa.opencart.pages.RegistrationPage - eneter the city value in city editbox
18:23:24.893 [main] INFO  com.qa.opencart.pages.RegistrationPage - eneter the postcode value in postcode editbox
18:23:27.130 [main] INFO  com.qa.opencart.pages.RegistrationPage - Select an option From country dropdown by label
18:23:27.322 [main] INFO  com.qa.opencart.utils.WebDriverUtils - Selected option : Burkina Faso
18:23:27.322 [main] INFO  com.qa.opencart.pages.RegistrationPage - Select an option From State dropdown by value Attribute
18:23:57.707 [main] INFO  com.qa.opencart.testcase.RegistrationTest - validate the my Account Page title
18:23:57.719 [main] INFO  com.qa.opencart.utils.WebDriverUtils - Title of the page is :: Register Account
18:12:03.484 [main] INFO  com.qa.opencart.factory.WebDriverFactory - clear the cache/cookies 
18:12:03.498 [main] INFO  com.qa.opencart.factory.WebDriverFactory - adding implicit wait 
18:12:03.505 [main] INFO  com.qa.opencart.factory.WebDriverFactory - maximize the window
18:12:03.624 [main] INFO  com.qa.opencart.factory.TestBase - create object for WebDriverWait class
18:12:07.142 [main] INFO  com.qa.opencart.testcase.HomePageTest - initialising the page class objects
18:12:07.413 [main] INFO  com.qa.opencart.testcase.HomePageTest - verify the Logo text
18:12:07.781 [main] INFO  com.qa.opencart.utils.WebDriverUtils - Title of the page is :: Your Store
18:12:07.803 [main] INFO  com.qa.opencart.testcase.HomePageTest - TC_02_Verifying the opencart Title
18:12:07.815 [main] INFO  com.qa.opencart.utils.WebDriverUtils - Title of the page is :: Your Store
18:12:08.060 [main] INFO  com.qa.opencart.utils.WebDriverUtils - Title of the page is :: Your Store
18:12:08.082 [main] INFO  com.qa.opencart.testcase.HomePageTest - TC_03_navigate to registration page
18:12:08.083 [main] INFO  com.qa.opencart.pages.HomePage - opening the myAccount menu
18:12:10.265 [main] INFO  com.qa.opencart.pages.HomePage - click on Register link 
18:12:13.015 [main] INFO  com.qa.opencart.testcase.HomePageTest - Assert the Registration page title
18:12:13.022 [main] INFO  com.qa.opencart.utils.WebDriverUtils - Title of the page is :: Register Account
18:12:13.022 [main] INFO  com.qa.opencart.testcase.HomePageTest - Click on Home icon in Registration page
18:12:13.022 [main] INFO  com.qa.opencart.pages.RegistrationPage - clickHomeIcon
18:12:13.691 [main] INFO  com.qa.opencart.utils.WebDriverUtils - Title of the page is :: Your Store
18:12:13.709 [main] INFO  com.qa.opencart.testcase.HomePageTest - TC_04_navigate to Login page
18:12:13.709 [main] INFO  com.qa.opencart.pages.HomePage - opening the myAccount menu
18:12:15.852 [main] INFO  com.qa.opencart.pages.HomePage - clik on Login link
18:12:18.356 [main] INFO  com.qa.opencart.testcase.HomePageTest - Assert the Login page title
18:12:18.363 [main] INFO  com.qa.opencart.utils.WebDriverUtils - Title of the page is :: Account Login
18:12:18.364 [main] INFO  com.qa.opencart.testcase.HomePageTest - Click on Home icon in Login page
18:12:18.364 [main] INFO  com.qa.opencart.pages.LoginPage - clickHomeIcon
18:12:19.057 [main] INFO  com.qa.opencart.utils.WebDriverUtils - Title of the page is :: Your Store
18:13:31.474 [main] INFO  com.qa.opencart.factory.WebDriverFactory - clear the cache/cookies 
18:13:31.513 [main] INFO  com.qa.opencart.factory.WebDriverFactory - adding implicit wait 
18:13:31.531 [main] INFO  com.qa.opencart.factory.WebDriverFactory - maximize the window
18:13:31.686 [main] INFO  com.qa.opencart.factory.TestBase - create object for WebDriverWait class
18:13:34.520 [main] INFO  com.qa.opencart.testcase.HomePageTest - initialising the page class objects
18:13:34.726 [main] INFO  com.qa.opencart.testcase.HomePageTest - verify the Logo text
18:13:35.181 [main] INFO  com.qa.opencart.utils.WebDriverUtils - Title of the page is :: Your Store
18:13:35.195 [main] INFO  com.qa.opencart.testcase.HomePageTest - TC_02_Verifying the opencart Title
18:13:35.203 [main] INFO  com.qa.opencart.utils.WebDriverUtils - Title of the page is :: Your Store
18:13:35.512 [main] INFO  com.qa.opencart.utils.WebDriverUtils - Title of the page is :: Your Store
18:13:35.525 [main] INFO  com.qa.opencart.testcase.HomePageTest - TC_03_navigate to registration page
18:13:35.525 [main] INFO  com.qa.opencart.pages.HomePage - opening the myAccount menu
18:13:37.716 [main] INFO  com.qa.opencart.pages.HomePage - click on Register link 
18:13:40.956 [main] INFO  com.qa.opencart.testcase.HomePageTest - Assert the Registration page title
18:13:40.967 [main] INFO  com.qa.opencart.utils.WebDriverUtils - Title of the page is :: Register Account
18:13:40.967 [main] INFO  com.qa.opencart.testcase.HomePageTest - Click on Home icon in Registration page
18:13:40.967 [main] INFO  com.qa.opencart.pages.RegistrationPage - clickHomeIcon
18:13:41.801 [main] INFO  com.qa.opencart.utils.WebDriverUtils - Title of the page is :: Your Store
18:13:41.821 [main] INFO  com.qa.opencart.testcase.HomePageTest - TC_04_navigate to Login page
18:13:41.822 [main] INFO  com.qa.opencart.pages.HomePage - opening the myAccount menu
18:13:44.002 [main] INFO  com.qa.opencart.pages.HomePage - clik on Login link
18:13:46.543 [main] INFO  com.qa.opencart.testcase.HomePageTest - Assert the Login page title
18:13:46.549 [main] INFO  com.qa.opencart.utils.WebDriverUtils - Title of the page is :: Account Login
18:13:46.549 [main] INFO  com.qa.opencart.testcase.HomePageTest - Click on Home icon in Login page
18:13:46.550 [main] INFO  com.qa.opencart.pages.LoginPage - clickHomeIcon
18:13:47.260 [main] INFO  com.qa.opencart.utils.WebDriverUtils - Title of the page is :: Your Store
18:17:10.882 [main] INFO  com.qa.opencart.factory.WebDriverFactory - clear the cache/cookies 
18:17:10.912 [main] INFO  com.qa.opencart.factory.WebDriverFactory - adding implicit wait 
18:17:10.925 [main] INFO  com.qa.opencart.factory.WebDriverFactory - maximize the window
18:17:11.053 [main] INFO  com.qa.opencart.factory.TestBase - create object for WebDriverWait class
18:17:13.814 [main] INFO  com.qa.opencart.testcase.HomePageTest - initialising the page class objects
18:17:13.959 [main] INFO  com.qa.opencart.testcase.HomePageTest - verify the Logo text
18:17:14.253 [main] INFO  com.qa.opencart.utils.WebDriverUtils - Title of the page is :: Your Store
18:17:14.264 [main] INFO  com.qa.opencart.testcase.HomePageTest - TC_02_Verifying the opencart Title
18:17:14.269 [main] INFO  com.qa.opencart.utils.WebDriverUtils - Title of the page is :: Your Store
18:17:14.487 [main] INFO  com.qa.opencart.utils.WebDriverUtils - Title of the page is :: Your Store
18:17:14.497 [main] INFO  com.qa.opencart.testcase.HomePageTest - TC_03_navigate to registration page
18:17:14.498 [main] INFO  com.qa.opencart.pages.HomePage - opening the myAccount menu
18:17:16.637 [main] INFO  com.qa.opencart.pages.HomePage - click on Register link 
18:17:19.631 [main] INFO  com.qa.opencart.testcase.HomePageTest - Assert the Registration page title
18:17:19.640 [main] INFO  com.qa.opencart.utils.WebDriverUtils - Title of the page is :: Register Account
18:17:19.640 [main] INFO  com.qa.opencart.testcase.HomePageTest - Click on Home icon in Registration page
18:17:19.640 [main] INFO  com.qa.opencart.pages.RegistrationPage - clickHomeIcon
18:17:20.417 [main] INFO  com.qa.opencart.utils.WebDriverUtils - Title of the page is :: Your Store
18:17:20.437 [main] INFO  com.qa.opencart.testcase.HomePageTest - TC_04_navigate to Login page
18:17:20.437 [main] INFO  com.qa.opencart.pages.HomePage - opening the myAccount menu
18:17:22.644 [main] INFO  com.qa.opencart.pages.HomePage - clik on Login link
18:17:25.232 [main] INFO  com.qa.opencart.testcase.HomePageTest - Assert the Login page title
18:17:25.239 [main] INFO  com.qa.opencart.utils.WebDriverUtils - Title of the page is :: Account Login
18:17:25.239 [main] INFO  com.qa.opencart.testcase.HomePageTest - Click on Home icon in Login page
18:17:25.239 [main] INFO  com.qa.opencart.pages.LoginPage - clickHomeIcon
18:17:25.934 [main] INFO  com.qa.opencart.utils.WebDriverUtils - Title of the page is :: Your Store
18:17:27.033 [main] INFO  com.qa.opencart.factory.WebDriverFactory - clear the cache/cookies 
18:17:27.053 [main] INFO  com.qa.opencart.factory.WebDriverFactory - adding implicit wait 
18:17:27.057 [main] INFO  com.qa.opencart.factory.WebDriverFactory - maximize the window
18:17:27.206 [main] INFO  com.qa.opencart.factory.TestBase - create object for WebDriverWait class
18:17:29.999 [main] INFO  com.qa.opencart.testcase.RegistrationTest - initialising the page class objects
18:21:32.896 [main] INFO  com.qa.opencart.factory.WebDriverFactory - clear the cache/cookies 
18:21:32.908 [main] INFO  com.qa.opencart.factory.WebDriverFactory - adding implicit wait 
18:21:32.916 [main] INFO  com.qa.opencart.factory.WebDriverFactory - maximize the window
18:21:33.044 [main] INFO  com.qa.opencart.factory.TestBase - create object for WebDriverWait class
18:21:35.812 [main] INFO  com.qa.opencart.testcase.HomePageTest - initialising the page class objects
18:21:35.927 [main] INFO  com.qa.opencart.testcase.HomePageTest - verify the Logo text
18:21:36.214 [main] INFO  com.qa.opencart.utils.WebDriverUtils - Title of the page is :: Your Store
18:21:36.225 [main] INFO  com.qa.opencart.testcase.HomePageTest - TC_02_Verifying the opencart Title
18:21:36.230 [main] INFO  com.qa.opencart.utils.WebDriverUtils - Title of the page is :: Your Store
18:21:36.471 [main] INFO  com.qa.opencart.utils.WebDriverUtils - Title of the page is :: Your Store
18:21:36.482 [main] INFO  com.qa.opencart.testcase.HomePageTest - TC_03_navigate to registration page
18:21:36.482 [main] INFO  com.qa.opencart.pages.HomePage - opening the myAccount menu
18:21:38.613 [main] INFO  com.qa.opencart.pages.HomePage - click on Register link 
18:21:41.382 [main] INFO  com.qa.opencart.testcase.HomePageTest - Assert the Registration page title
18:21:41.390 [main] INFO  com.qa.opencart.utils.WebDriverUtils - Title of the page is :: Register Account
18:21:41.390 [main] INFO  com.qa.opencart.testcase.HomePageTest - Click on Home icon in Registration page
18:21:41.390 [main] INFO  com.qa.opencart.pages.RegistrationPage - clickHomeIcon
18:21:42.074 [main] INFO  com.qa.opencart.utils.WebDriverUtils - Title of the page is :: Your Store
18:21:42.096 [main] INFO  com.qa.opencart.testcase.HomePageTest - TC_04_navigate to Login page
18:21:42.096 [main] INFO  com.qa.opencart.pages.HomePage - opening the myAccount menu
18:21:44.252 [main] INFO  com.qa.opencart.pages.HomePage - clik on Login link
18:21:46.819 [main] INFO  com.qa.opencart.testcase.HomePageTest - Assert the Login page title
18:21:46.828 [main] INFO  com.qa.opencart.utils.WebDriverUtils - Title of the page is :: Account Login
18:21:46.828 [main] INFO  com.qa.opencart.testcase.HomePageTest - Click on Home icon in Login page
18:21:46.828 [main] INFO  com.qa.opencart.pages.LoginPage - clickHomeIcon
18:21:47.550 [main] INFO  com.qa.opencart.utils.WebDriverUtils - Title of the page is :: Your Store
18:21:48.646 [main] INFO  com.qa.opencart.factory.WebDriverFactory - clear the cache/cookies 
18:21:48.672 [main] INFO  com.qa.opencart.factory.WebDriverFactory - adding implicit wait 
18:21:48.675 [main] INFO  com.qa.opencart.factory.WebDriverFactory - maximize the window
18:21:48.809 [main] INFO  com.qa.opencart.factory.TestBase - create object for WebDriverWait class
18:21:51.590 [main] INFO  com.qa.opencart.testcase.RegistrationTest - initialising the page class objects
18:23:53.785 [main] INFO  com.qa.opencart.factory.WebDriverFactory - clear the cache/cookies 
18:23:53.801 [main] INFO  com.qa.opencart.factory.WebDriverFactory - adding implicit wait 
18:23:53.808 [main] INFO  com.qa.opencart.factory.WebDriverFactory - maximize the window
18:23:53.930 [main] INFO  com.qa.opencart.factory.TestBase - create object for WebDriverWait class
18:23:56.724 [main] INFO  com.qa.opencart.testcase.RegistrationTest - initialising the page class objects
18:26:29.222 [main] INFO  com.qa.opencart.factory.WebDriverFactory - clear the cache/cookies 
18:26:29.238 [main] INFO  com.qa.opencart.factory.WebDriverFactory - adding implicit wait 
18:26:29.249 [main] INFO  com.qa.opencart.factory.WebDriverFactory - maximize the window
18:26:29.384 [main] INFO  com.qa.opencart.factory.TestBase - create object for WebDriverWait class
18:26:32.144 [main] INFO  com.qa.opencart.testcase.RegistrationTest - initialising the page class objects
18:26:32.829 [main] INFO  com.qa.opencart.testcase.RegistrationTest - navigate to registration page
18:26:32.829 [main] INFO  com.qa.opencart.pages.HomePage - opening the myAccount menu
18:26:35.006 [main] INFO  com.qa.opencart.pages.HomePage - click on Register link 
18:26:37.792 [main] INFO  com.qa.opencart.testcase.RegistrationTest - Verify the Registration page title
18:26:37.816 [main] INFO  com.qa.opencart.utils.WebDriverUtils - Title of the page is :: Register Account
18:26:37.996 [main] INFO  com.qa.opencart.testcase.RegistrationTest - setting the first name:QClKZ
18:26:37.997 [main] INFO  com.qa.opencart.pages.RegistrationPage - enetering the firstname value
18:26:40.268 [main] INFO  com.qa.opencart.testcase.RegistrationTest - setting the last name:IIqYi
18:26:40.268 [main] INFO  com.qa.opencart.pages.RegistrationPage - enetering the larstname value
18:26:42.508 [main] INFO  com.qa.opencart.testcase.RegistrationTest - setting the email:fvmDJ@gmail.com
18:26:42.508 [main] INFO  com.qa.opencart.pages.RegistrationPage - enetering the email value
18:26:44.799 [main] INFO  com.qa.opencart.testcase.RegistrationTest - setting the telephone:0251878380
18:26:44.800 [main] INFO  com.qa.opencart.pages.RegistrationPage - enetering the telephone value
18:26:47.035 [main] INFO  com.qa.opencart.testcase.RegistrationTest - Entering the Address details ....
18:26:47.035 [main] INFO  com.qa.opencart.pages.RegistrationPage - eneter the company value in company editbox
18:26:49.270 [main] INFO  com.qa.opencart.pages.RegistrationPage - eneter the address1 value in address1 editbox
18:26:51.481 [main] INFO  com.qa.opencart.pages.RegistrationPage - eneter the address2 value in address2 editbox
18:26:53.712 [main] INFO  com.qa.opencart.pages.RegistrationPage - eneter the city value in city editbox
18:26:55.969 [main] INFO  com.qa.opencart.pages.RegistrationPage - eneter the postcode value in postcode editbox
18:26:58.209 [main] INFO  com.qa.opencart.pages.RegistrationPage - Select an option From country dropdown by label
18:26:58.429 [main] INFO  com.qa.opencart.utils.WebDriverUtils - Selected option : Germany
18:26:58.429 [main] INFO  com.qa.opencart.pages.RegistrationPage - Select an option From State dropdown by value Attribute
18:27:29.152 [main] INFO  com.qa.opencart.testcase.RegistrationTest - validate the my Account Page title
18:27:29.162 [main] INFO  com.qa.opencart.utils.WebDriverUtils - Title of the page is :: Register Account
18:32:02.401 [main] INFO  com.qa.opencart.factory.WebDriverFactory - clear the cache/cookies 
18:32:02.417 [main] INFO  com.qa.opencart.factory.WebDriverFactory - adding implicit wait 
18:32:02.425 [main] INFO  com.qa.opencart.factory.WebDriverFactory - maximize the window
18:32:02.548 [main] INFO  com.qa.opencart.factory.TestBase - create object for WebDriverWait class
18:32:05.553 [main] INFO  com.qa.opencart.testcase.RegistrationTest - initialising the page class objects
18:32:05.755 [main] INFO  com.qa.opencart.testcase.RegistrationTest - navigate to registration page
18:32:05.755 [main] INFO  com.qa.opencart.pages.HomePage - opening the myAccount menu
18:32:07.915 [main] INFO  com.qa.opencart.pages.HomePage - click on Register link 
18:32:10.870 [main] INFO  com.qa.opencart.testcase.RegistrationTest - Verify the Registration page title
18:32:10.890 [main] INFO  com.qa.opencart.utils.WebDriverUtils - Title of the page is :: Register Account
18:32:11.113 [main] INFO  com.qa.opencart.testcase.RegistrationTest - setting the first name:KrWyo
18:32:11.114 [main] INFO  com.qa.opencart.pages.RegistrationPage - enetering the firstname value
18:32:13.361 [main] INFO  com.qa.opencart.testcase.RegistrationTest - setting the last name:NPyba
18:32:13.361 [main] INFO  com.qa.opencart.pages.RegistrationPage - enetering the larstname value
18:32:15.582 [main] INFO  com.qa.opencart.testcase.RegistrationTest - setting the email:jJfJZ@gmail.com
18:32:15.582 [main] INFO  com.qa.opencart.pages.RegistrationPage - enetering the email value
18:32:17.859 [main] INFO  com.qa.opencart.testcase.RegistrationTest - setting the telephone:0927196275
18:32:17.860 [main] INFO  com.qa.opencart.pages.RegistrationPage - enetering the telephone value
18:32:20.120 [main] INFO  com.qa.opencart.testcase.RegistrationTest - Entering the Address details ....
18:32:20.121 [main] INFO  com.qa.opencart.pages.RegistrationPage - eneter the company value in company editbox
18:32:22.387 [main] INFO  com.qa.opencart.pages.RegistrationPage - eneter the address1 value in address1 editbox
18:32:24.618 [main] INFO  com.qa.opencart.pages.RegistrationPage - eneter the address2 value in address2 editbox
18:32:26.869 [main] INFO  com.qa.opencart.pages.RegistrationPage - eneter the city value in city editbox
18:32:29.104 [main] INFO  com.qa.opencart.pages.RegistrationPage - eneter the postcode value in postcode editbox
18:32:31.365 [main] INFO  com.qa.opencart.pages.RegistrationPage - Select an option From country dropdown by label
18:32:31.568 [main] INFO  com.qa.opencart.utils.WebDriverUtils - Selected option : Jamaica
18:32:31.568 [main] INFO  com.qa.opencart.pages.RegistrationPage - Select an option From State dropdown by value Attribute
18:33:02.303 [main] INFO  com.qa.opencart.testcase.RegistrationTest - validate the my Account Page title
18:33:02.312 [main] INFO  com.qa.opencart.utils.WebDriverUtils - Title of the page is :: Register Account
18:33:44.447 [main] INFO  com.qa.opencart.factory.WebDriverFactory - clear the cache/cookies 
18:33:44.472 [main] INFO  com.qa.opencart.factory.WebDriverFactory - adding implicit wait 
18:33:44.481 [main] INFO  com.qa.opencart.factory.WebDriverFactory - maximize the window
18:33:44.625 [main] INFO  com.qa.opencart.factory.TestBase - create object for WebDriverWait class
18:33:47.425 [main] INFO  com.qa.opencart.testcase.RegistrationTest - initialising the page class objects
18:33:48.301 [main] INFO  com.qa.opencart.testcase.RegistrationTest - navigate to registration page
18:33:48.302 [main] INFO  com.qa.opencart.pages.HomePage - opening the myAccount menu
18:33:50.479 [main] INFO  com.qa.opencart.pages.HomePage - click on Register link 
18:33:53.281 [main] INFO  com.qa.opencart.testcase.RegistrationTest - Verify the Registration page title
18:33:53.304 [main] INFO  com.qa.opencart.utils.WebDriverUtils - Title of the page is :: Register Account
18:33:53.497 [main] INFO  com.qa.opencart.testcase.RegistrationTest - setting the first name:Kiitz
18:33:53.497 [main] INFO  com.qa.opencart.pages.RegistrationPage - enetering the firstname value
18:33:55.752 [main] INFO  com.qa.opencart.testcase.RegistrationTest - setting the last name:gmcTe
18:33:55.752 [main] INFO  com.qa.opencart.pages.RegistrationPage - enetering the larstname value
18:33:57.989 [main] INFO  com.qa.opencart.testcase.RegistrationTest - setting the email:LCXNp@gmail.com
18:33:57.989 [main] INFO  com.qa.opencart.pages.RegistrationPage - enetering the email value
18:34:00.258 [main] INFO  com.qa.opencart.testcase.RegistrationTest - setting the telephone:6151136858
18:34:00.258 [main] INFO  com.qa.opencart.pages.RegistrationPage - enetering the telephone value
18:34:02.510 [main] INFO  com.qa.opencart.testcase.RegistrationTest - Entering the Address details ....
18:34:02.510 [main] INFO  com.qa.opencart.pages.RegistrationPage - eneter the company value in company editbox
18:34:04.750 [main] INFO  com.qa.opencart.pages.RegistrationPage - eneter the address1 value in address1 editbox
18:34:06.992 [main] INFO  com.qa.opencart.pages.RegistrationPage - eneter the address2 value in address2 editbox
18:34:09.237 [main] INFO  com.qa.opencart.pages.RegistrationPage - eneter the city value in city editbox
18:34:11.503 [main] INFO  com.qa.opencart.pages.RegistrationPage - eneter the postcode value in postcode editbox
18:34:13.723 [main] INFO  com.qa.opencart.pages.RegistrationPage - Select an option From country dropdown by label
18:34:13.910 [main] INFO  com.qa.opencart.utils.WebDriverUtils - Selected option : United States
18:34:13.910 [main] INFO  com.qa.opencart.pages.RegistrationPage - Select an option From State dropdown by value Attribute
18:34:44.428 [main] INFO  com.qa.opencart.testcase.RegistrationTest - validate the my Account Page title
18:34:44.434 [main] INFO  com.qa.opencart.utils.WebDriverUtils - Title of the page is :: Register Account
17:34:38.206 [main] INFO  com.qa.opencart.factory.WebDriverFactory - clear the cache/cookies 
17:34:38.227 [main] INFO  com.qa.opencart.factory.WebDriverFactory - adding implicit wait 
17:34:38.248 [main] INFO  com.qa.opencart.factory.WebDriverFactory - maximize the window
17:34:38.401 [main] INFO  com.qa.opencart.factory.TestBase - create object for WebDriverWait class
17:34:41.520 [main] INFO  com.qa.opencart.testcase.RegistrationTest - initialising the page class objects
17:34:42.274 [main] INFO  com.qa.opencart.testcase.RegistrationTest - navigate to registration page
17:34:42.274 [main] INFO  com.qa.opencart.pages.HomePage - opening the myAccount menu
17:34:44.482 [main] INFO  com.qa.opencart.pages.HomePage - click on Register link 
17:34:47.530 [main] INFO  com.qa.opencart.testcase.RegistrationTest - Verify the Registration page title
17:34:47.558 [main] INFO  com.qa.opencart.utils.WebDriverUtils - Title of the page is :: Register Account
17:34:47.803 [main] INFO  com.qa.opencart.testcase.RegistrationTest - setting the first name:hsuLt
17:34:47.803 [main] INFO  com.qa.opencart.pages.RegistrationPage - enetering the firstname value
17:34:50.102 [main] INFO  com.qa.opencart.testcase.RegistrationTest - setting the last name:yeOjb
17:34:50.103 [main] INFO  com.qa.opencart.pages.RegistrationPage - enetering the larstname value
17:34:52.342 [main] INFO  com.qa.opencart.testcase.RegistrationTest - setting the email:qVzAx@gmail.com
17:34:52.343 [main] INFO  com.qa.opencart.pages.RegistrationPage - enetering the email value
17:34:54.598 [main] INFO  com.qa.opencart.testcase.RegistrationTest - setting the telephone:7425512551
17:34:54.599 [main] INFO  com.qa.opencart.pages.RegistrationPage - enetering the telephone value
17:34:56.810 [main] INFO  com.qa.opencart.testcase.RegistrationTest - Entering the Address details ....
17:34:56.810 [main] INFO  com.qa.opencart.pages.RegistrationPage - eneter the company value in company editbox
17:34:59.052 [main] INFO  com.qa.opencart.pages.RegistrationPage - eneter the address1 value in address1 editbox
17:35:01.338 [main] INFO  com.qa.opencart.pages.RegistrationPage - eneter the address2 value in address2 editbox
17:35:03.591 [main] INFO  com.qa.opencart.pages.RegistrationPage - eneter the city value in city editbox
17:35:05.826 [main] INFO  com.qa.opencart.pages.RegistrationPage - eneter the postcode value in postcode editbox
17:35:08.045 [main] INFO  com.qa.opencart.pages.RegistrationPage - Select an option From country dropdown by label
17:35:08.240 [main] INFO  com.qa.opencart.utils.WebDriverUtils - Selected option : United States
17:35:08.240 [main] INFO  com.qa.opencart.pages.RegistrationPage - Select an option From State dropdown by value Attribute
17:35:08.562 [main] INFO  com.qa.opencart.utils.WebDriverUtils - Selected option : Kansas
17:35:08.563 [main] INFO  com.qa.opencart.testcase.RegistrationTest - setting the password value is:XZKj@105
17:35:08.563 [main] INFO  com.qa.opencart.pages.RegistrationPage - enetering the pwd value
17:35:10.777 [main] INFO  com.qa.opencart.pages.RegistrationPage - enetering the confirm value
17:35:13.035 [main] INFO  com.qa.opencart.testcase.RegistrationTest - select the subscribe option yes
17:35:13.035 [main] INFO  com.qa.opencart.pages.RegistrationPage - enetering the subscribe value
17:35:13.035 [main] INFO  com.qa.opencart.pages.RegistrationPage - select Yes radio buton
17:35:15.190 [main] INFO  com.qa.opencart.testcase.RegistrationTest - check the Privacy policy checkbox
17:35:15.190 [main] INFO  com.qa.opencart.pages.RegistrationPage - check Agree Checkbox
17:35:15.235 [main] INFO  com.qa.opencart.utils.WebDriverUtils - Element  is already selected:[[ChromeDriver: chrome on WINDOWS (58f038a3d3c982eb3ca2dae28a259b9b)] -> css selector: input[name='agree']]
17:35:19.426 [main] INFO  com.qa.opencart.utils.WebDriverUtils - Element is checked::[[ChromeDriver: chrome on WINDOWS (58f038a3d3c982eb3ca2dae28a259b9b)] -> css selector: input[name='agree']]
17:35:19.426 [main] INFO  com.qa.opencart.testcase.RegistrationTest - Click on Continue button
17:35:19.426 [main] INFO  com.qa.opencart.pages.RegistrationPage - click on Continue button
17:35:22.356 [main] INFO  com.qa.opencart.testcase.RegistrationTest - verify the Account Creation success message and  header 
17:35:26.554 [main] INFO  com.qa.opencart.testcase.RegistrationTest - click on Account Created Continue button
17:35:26.554 [main] INFO  com.qa.opencart.pages.RegistrationPage - click on AccountCreatedContinue button
17:35:29.927 [main] INFO  com.qa.opencart.testcase.RegistrationTest - validate the my Account Page title
17:35:29.938 [main] INFO  com.qa.opencart.utils.WebDriverUtils - Title of the page is :: My Account
17:35:29.938 [main] INFO  com.qa.opencart.testcase.RegistrationTest - click on logout link
17:35:34.843 [main] INFO  com.qa.opencart.testcase.RegistrationTest - validate the logout Page title
17:35:34.869 [main] INFO  com.qa.opencart.utils.WebDriverUtils - Title of the page is :: Account Logout
17:35:34.870 [main] INFO  com.qa.opencart.testcase.RegistrationTest - Click on Continue button in Logout page
17:46:01.084 [main] INFO  com.qa.opencart.factory.WebDriverFactory - clear the cache/cookies 
17:46:01.122 [main] INFO  com.qa.opencart.factory.WebDriverFactory - adding implicit wait 
17:46:01.137 [main] INFO  com.qa.opencart.factory.WebDriverFactory - maximize the window
17:46:01.292 [main] INFO  com.qa.opencart.factory.TestBase - create object for WebDriverWait class
17:46:05.505 [main] INFO  com.qa.opencart.testcase.HomePageTest - initialising the page class objects
17:46:05.789 [main] INFO  com.qa.opencart.testcase.HomePageTest - verify the Logo text
17:46:06.220 [main] INFO  com.qa.opencart.utils.WebDriverUtils - Title of the page is :: Your Store
17:46:06.248 [main] INFO  com.qa.opencart.testcase.HomePageTest - TC_02_Verifying the opencart Title
17:46:06.266 [main] INFO  com.qa.opencart.utils.WebDriverUtils - Title of the page is :: Your Store
17:46:06.554 [main] INFO  com.qa.opencart.utils.WebDriverUtils - Title of the page is :: Your Store
17:46:06.578 [main] INFO  com.qa.opencart.testcase.HomePageTest - TC_03_navigate to registration page
17:46:06.579 [main] INFO  com.qa.opencart.pages.HomePage - opening the myAccount menu
17:46:08.763 [main] INFO  com.qa.opencart.pages.HomePage - click on Register link 
17:46:11.937 [main] INFO  com.qa.opencart.testcase.HomePageTest - Assert the Registration page title
17:46:11.945 [main] INFO  com.qa.opencart.utils.WebDriverUtils - Title of the page is :: Register Account
17:46:11.945 [main] INFO  com.qa.opencart.testcase.HomePageTest - Click on Home icon in Registration page
17:46:11.945 [main] INFO  com.qa.opencart.pages.RegistrationPage - clickHomeIcon
17:46:12.823 [main] INFO  com.qa.opencart.utils.WebDriverUtils - Title of the page is :: Your Store
17:46:12.842 [main] INFO  com.qa.opencart.testcase.HomePageTest - TC_04_navigate to Login page
17:46:12.842 [main] INFO  com.qa.opencart.pages.HomePage - opening the myAccount menu
17:46:14.987 [main] INFO  com.qa.opencart.pages.HomePage - clik on Login link
17:46:17.525 [main] INFO  com.qa.opencart.testcase.HomePageTest - Assert the Login page title
17:46:17.532 [main] INFO  com.qa.opencart.utils.WebDriverUtils - Title of the page is :: Account Login
17:46:17.533 [main] INFO  com.qa.opencart.testcase.HomePageTest - Click on Home icon in Login page
17:46:17.533 [main] INFO  com.qa.opencart.pages.LoginPage - clickHomeIcon
17:46:18.346 [main] INFO  com.qa.opencart.utils.WebDriverUtils - Title of the page is :: Your Store
17:46:19.703 [main] INFO  com.qa.opencart.factory.WebDriverFactory - clear the cache/cookies 
17:46:19.720 [main] INFO  com.qa.opencart.factory.WebDriverFactory - adding implicit wait 
17:46:19.723 [main] INFO  com.qa.opencart.factory.WebDriverFactory - maximize the window
17:46:19.896 [main] INFO  com.qa.opencart.factory.TestBase - create object for WebDriverWait class
17:46:22.979 [main] INFO  com.qa.opencart.testcase.RegistrationTest - initialising the page class objects
17:46:25.879 [main] INFO  com.qa.opencart.testcase.RegistrationTest - navigate to registration page
17:46:25.879 [main] INFO  com.qa.opencart.pages.HomePage - opening the myAccount menu
17:46:28.061 [main] INFO  com.qa.opencart.pages.HomePage - click on Register link 
17:46:31.180 [main] INFO  com.qa.opencart.testcase.RegistrationTest - Verify the Registration page title
17:46:31.206 [main] INFO  com.qa.opencart.utils.WebDriverUtils - Title of the page is :: Register Account
17:46:31.216 [main] INFO  com.qa.opencart.testcase.RegistrationTest - setting the first name:Vandana
17:46:31.216 [main] INFO  com.qa.opencart.pages.RegistrationPage - enetering the firstname value
17:46:33.479 [main] INFO  com.qa.opencart.testcase.RegistrationTest - setting the last name:senthil
17:46:33.479 [main] INFO  com.qa.opencart.pages.RegistrationPage - enetering the larstname value
17:46:35.709 [main] INFO  com.qa.opencart.testcase.RegistrationTest - setting the email:dominic.lakin@hotmail.com
17:46:35.710 [main] INFO  com.qa.opencart.pages.RegistrationPage - enetering the email value
17:46:37.994 [main] INFO  com.qa.opencart.testcase.RegistrationTest - setting the telephone:3146069849
17:46:37.995 [main] INFO  com.qa.opencart.pages.RegistrationPage - enetering the telephone value
17:46:40.236 [main] INFO  com.qa.opencart.pages.RegistrationPage - eneter the company value in company editbox
17:46:42.484 [main] INFO  com.qa.opencart.pages.RegistrationPage - eneter the address1 value in address1 editbox
17:46:44.703 [main] INFO  com.qa.opencart.pages.RegistrationPage - eneter the address2 value in address2 editbox
17:46:46.943 [main] INFO  com.qa.opencart.pages.RegistrationPage - eneter the city value in city editbox
17:46:49.165 [main] INFO  com.qa.opencart.pages.RegistrationPage - eneter the postcode value in postcode editbox
17:46:51.394 [main] INFO  com.qa.opencart.pages.RegistrationPage - Select an option From country dropdown by label
17:46:51.590 [main] INFO  com.qa.opencart.utils.WebDriverUtils - Selected option : United States
17:46:51.590 [main] INFO  com.qa.opencart.pages.RegistrationPage - Select an option From State dropdown by value Attribute
17:46:51.895 [main] INFO  com.qa.opencart.utils.WebDriverUtils - Selected option : Florida
17:46:51.895 [main] INFO  com.qa.opencart.testcase.RegistrationTest - setting the password value is:vandana@123
17:46:51.896 [main] INFO  com.qa.opencart.pages.RegistrationPage - enetering the pwd value
17:46:54.110 [main] INFO  com.qa.opencart.pages.RegistrationPage - enetering the confirm value
17:46:56.344 [main] INFO  com.qa.opencart.testcase.RegistrationTest - select the subscribe option yes
17:46:56.344 [main] INFO  com.qa.opencart.pages.RegistrationPage - enetering the subscribe value
17:46:56.344 [main] INFO  com.qa.opencart.pages.RegistrationPage - select Yes radio buton
17:46:58.515 [main] INFO  com.qa.opencart.testcase.RegistrationTest - check the Privacy policy checkbox
17:46:58.516 [main] INFO  com.qa.opencart.pages.RegistrationPage - check Agree Checkbox
17:46:58.549 [main] INFO  com.qa.opencart.utils.WebDriverUtils - Element  is already selected:[[ChromeDriver: chrome on WINDOWS (1337a7c91447a923ac4e4ed7b5d7d875)] -> css selector: input[name='agree']]
17:47:02.772 [main] INFO  com.qa.opencart.utils.WebDriverUtils - Element is checked::[[ChromeDriver: chrome on WINDOWS (1337a7c91447a923ac4e4ed7b5d7d875)] -> css selector: input[name='agree']]
17:47:02.772 [main] INFO  com.qa.opencart.testcase.RegistrationTest - Click on Continue button
17:47:02.773 [main] INFO  com.qa.opencart.pages.RegistrationPage - click on Continue button
17:47:06.138 [main] INFO  com.qa.opencart.testcase.RegistrationTest - verify the Account Creation success message and  header 
17:47:10.334 [main] INFO  com.qa.opencart.testcase.RegistrationTest - click on Account Created Continue button
17:47:10.334 [main] INFO  com.qa.opencart.pages.RegistrationPage - click on AccountCreatedContinue button
17:47:13.024 [main] INFO  com.qa.opencart.testcase.RegistrationTest - validate the my Account Page title
17:47:13.032 [main] INFO  com.qa.opencart.utils.WebDriverUtils - Title of the page is :: My Account
17:47:13.032 [main] INFO  com.qa.opencart.testcase.RegistrationTest - click on logout link
17:47:17.926 [main] INFO  com.qa.opencart.testcase.RegistrationTest - validate the logout Page title
17:47:17.949 [main] INFO  com.qa.opencart.utils.WebDriverUtils - Title of the page is :: Account Logout
17:47:17.950 [main] INFO  com.qa.opencart.testcase.RegistrationTest - Click on Continue button in Logout page
17:47:20.487 [main] INFO  com.qa.opencart.testcase.RegistrationTest - navigate to registration page
17:47:20.488 [main] INFO  com.qa.opencart.pages.HomePage - opening the myAccount menu
17:47:22.643 [main] INFO  com.qa.opencart.pages.HomePage - click on Register link 
17:47:25.235 [main] INFO  com.qa.opencart.testcase.RegistrationTest - Verify the Registration page title
17:47:25.252 [main] INFO  com.qa.opencart.utils.WebDriverUtils - Title of the page is :: Register Account
17:47:25.262 [main] INFO  com.qa.opencart.testcase.RegistrationTest - setting the first name:sreedevi
17:47:25.262 [main] INFO  com.qa.opencart.pages.RegistrationPage - enetering the firstname value
17:47:27.506 [main] INFO  com.qa.opencart.testcase.RegistrationTest - setting the last name:Doolla
17:47:27.506 [main] INFO  com.qa.opencart.pages.RegistrationPage - enetering the larstname value
17:47:29.739 [main] INFO  com.qa.opencart.testcase.RegistrationTest - setting the email:dominic.lakin@hotmail.com
17:47:29.739 [main] INFO  com.qa.opencart.pages.RegistrationPage - enetering the email value
17:47:32.026 [main] INFO  com.qa.opencart.testcase.RegistrationTest - setting the telephone:9980193573
17:47:32.026 [main] INFO  com.qa.opencart.pages.RegistrationPage - enetering the telephone value
17:47:34.248 [main] INFO  com.qa.opencart.pages.RegistrationPage - eneter the company value in company editbox
17:47:36.508 [main] INFO  com.qa.opencart.pages.RegistrationPage - eneter the address1 value in address1 editbox
17:47:38.723 [main] INFO  com.qa.opencart.pages.RegistrationPage - eneter the address2 value in address2 editbox
17:47:40.957 [main] INFO  com.qa.opencart.pages.RegistrationPage - eneter the city value in city editbox
17:47:43.170 [main] INFO  com.qa.opencart.pages.RegistrationPage - eneter the postcode value in postcode editbox
17:47:45.381 [main] INFO  com.qa.opencart.pages.RegistrationPage - Select an option From country dropdown by label
17:47:45.537 [main] INFO  com.qa.opencart.utils.WebDriverUtils - Selected option : United States
17:47:45.537 [main] INFO  com.qa.opencart.pages.RegistrationPage - Select an option From State dropdown by value Attribute
17:47:45.854 [main] INFO  com.qa.opencart.utils.WebDriverUtils - Selected option : Florida
17:47:45.854 [main] INFO  com.qa.opencart.testcase.RegistrationTest - setting the password value is:sridevi@123
17:47:45.854 [main] INFO  com.qa.opencart.pages.RegistrationPage - enetering the pwd value
17:47:48.057 [main] INFO  com.qa.opencart.pages.RegistrationPage - enetering the confirm value
17:47:50.281 [main] INFO  com.qa.opencart.testcase.RegistrationTest - select the subscribe option yes
17:47:50.281 [main] INFO  com.qa.opencart.pages.RegistrationPage - enetering the subscribe value
17:47:50.281 [main] INFO  com.qa.opencart.pages.RegistrationPage - select No radio buton
17:47:52.432 [main] INFO  com.qa.opencart.testcase.RegistrationTest - check the Privacy policy checkbox
17:47:52.432 [main] INFO  com.qa.opencart.pages.RegistrationPage - check Agree Checkbox
17:47:52.466 [main] INFO  com.qa.opencart.utils.WebDriverUtils - Element  is already selected:[[ChromeDriver: chrome on WINDOWS (1337a7c91447a923ac4e4ed7b5d7d875)] -> css selector: input[name='agree']]
17:47:56.653 [main] INFO  com.qa.opencart.utils.WebDriverUtils - Element is checked::[[ChromeDriver: chrome on WINDOWS (1337a7c91447a923ac4e4ed7b5d7d875)] -> css selector: input[name='agree']]
17:47:56.654 [main] INFO  com.qa.opencart.testcase.RegistrationTest - Click on Continue button
17:47:56.656 [main] INFO  com.qa.opencart.pages.RegistrationPage - click on Continue button
17:47:59.272 [main] INFO  com.qa.opencart.testcase.RegistrationTest - verify the Account Creation success message and  header 
17:48:01.705 [main] INFO  com.qa.opencart.testcase.RegistrationTest - validate the my Account Page title
17:48:01.712 [main] INFO  com.qa.opencart.utils.WebDriverUtils - Title of the page is :: Register Account
17:51:42.323 [main] INFO  com.qa.opencart.factory.WebDriverFactory - clear the cache/cookies 
17:51:42.342 [main] INFO  com.qa.opencart.factory.WebDriverFactory - adding implicit wait 
17:51:42.362 [main] INFO  com.qa.opencart.factory.WebDriverFactory - maximize the window
17:51:42.504 [main] INFO  com.qa.opencart.factory.TestBase - create object for WebDriverWait class
17:51:45.250 [main] INFO  com.qa.opencart.testcase.HomePageTest - initialising the page class objects
17:51:45.395 [main] INFO  com.qa.opencart.testcase.HomePageTest - verify the Logo text
17:51:45.691 [main] INFO  com.qa.opencart.utils.WebDriverUtils - Title of the page is :: Your Store
17:51:45.701 [main] INFO  com.qa.opencart.testcase.HomePageTest - TC_02_Verifying the opencart Title
17:51:45.706 [main] INFO  com.qa.opencart.utils.WebDriverUtils - Title of the page is :: Your Store
17:51:45.984 [main] INFO  com.qa.opencart.utils.WebDriverUtils - Title of the page is :: Your Store
17:51:45.993 [main] INFO  com.qa.opencart.testcase.HomePageTest - TC_03_navigate to registration page
17:51:45.993 [main] INFO  com.qa.opencart.pages.HomePage - opening the myAccount menu
17:51:48.156 [main] INFO  com.qa.opencart.pages.HomePage - click on Register link 
17:51:51.220 [main] INFO  com.qa.opencart.testcase.HomePageTest - Assert the Registration page title
