17:51:51.235 [main] INFO  com.qa.opencart.utils.WebDriverUtils - Title of the page is :: Register Account
17:51:51.246 [main] INFO  com.qa.opencart.testcase.HomePageTest - Click on Home icon in Registration page
17:51:51.246 [main] INFO  com.qa.opencart.pages.RegistrationPage - clickHomeIcon
17:51:52.640 [main] INFO  com.qa.opencart.utils.WebDriverUtils - Title of the page is :: Your Store
17:51:52.670 [main] INFO  com.qa.opencart.testcase.HomePageTest - TC_04_navigate to Login page
17:51:52.671 [main] INFO  com.qa.opencart.pages.HomePage - opening the myAccount menu
17:51:54.877 [main] INFO  com.qa.opencart.pages.HomePage - clik on Login link
17:51:57.691 [main] INFO  com.qa.opencart.testcase.HomePageTest - Assert the Login page title
17:51:57.697 [main] INFO  com.qa.opencart.utils.WebDriverUtils - Title of the page is :: Account Login
17:51:57.697 [main] INFO  com.qa.opencart.testcase.HomePageTest - Click on Home icon in Login page
17:51:57.697 [main] INFO  com.qa.opencart.pages.LoginPage - clickHomeIcon
17:51:58.537 [main] INFO  com.qa.opencart.utils.WebDriverUtils - Title of the page is :: Your Store
17:51:59.836 [main] INFO  com.qa.opencart.factory.WebDriverFactory - clear the cache/cookies 
17:51:59.857 [main] INFO  com.qa.opencart.factory.WebDriverFactory - adding implicit wait 
17:51:59.864 [main] INFO  com.qa.opencart.factory.WebDriverFactory - maximize the window
17:52:00.026 [main] INFO  com.qa.opencart.factory.TestBase - create object for WebDriverWait class
17:52:02.857 [main] INFO  com.qa.opencart.testcase.RegistrationTest - initialising the page class objects
17:52:05.096 [main] INFO  com.qa.opencart.testcase.RegistrationTest - navigate to registration page
17:52:05.097 [main] INFO  com.qa.opencart.pages.HomePage - opening the myAccount menu
17:52:07.248 [main] INFO  com.qa.opencart.pages.HomePage - click on Register link 
17:52:10.223 [main] INFO  com.qa.opencart.testcase.RegistrationTest - Verify the Registration page title
17:52:10.253 [main] INFO  com.qa.opencart.utils.WebDriverUtils - Title of the page is :: Register Account
17:52:10.259 [main] INFO  com.qa.opencart.testcase.RegistrationTest - setting the first name:Vandana
17:52:10.260 [main] INFO  com.qa.opencart.pages.RegistrationPage - enetering the firstname value
17:52:12.494 [main] INFO  com.qa.opencart.testcase.RegistrationTest - setting the last name:senthil
17:52:12.494 [main] INFO  com.qa.opencart.pages.RegistrationPage - enetering the larstname value
17:52:14.723 [main] INFO  com.qa.opencart.testcase.RegistrationTest - setting the email:oTIZU@gmail.com
17:52:14.723 [main] INFO  com.qa.opencart.pages.RegistrationPage - enetering the email value
17:52:16.963 [main] INFO  com.qa.opencart.testcase.RegistrationTest - setting the telephone:3146069849
17:52:16.963 [main] INFO  com.qa.opencart.pages.RegistrationPage - enetering the telephone value
17:52:19.193 [main] INFO  com.qa.opencart.pages.RegistrationPage - eneter the company value in company editbox
17:52:21.437 [main] INFO  com.qa.opencart.pages.RegistrationPage - eneter the address1 value in address1 editbox
17:52:23.637 [main] INFO  com.qa.opencart.pages.RegistrationPage - eneter the address2 value in address2 editbox
17:52:25.848 [main] INFO  com.qa.opencart.pages.RegistrationPage - eneter the city value in city editbox
17:52:28.065 [main] INFO  com.qa.opencart.pages.RegistrationPage - eneter the postcode value in postcode editbox
17:52:30.307 [main] INFO  com.qa.opencart.pages.RegistrationPage - Select an option From country dropdown by label
17:52:30.478 [main] INFO  com.qa.opencart.utils.WebDriverUtils - Selected option : United States
17:52:30.478 [main] INFO  com.qa.opencart.pages.RegistrationPage - Select an option From State dropdown by value Attribute
17:52:30.786 [main] INFO  com.qa.opencart.utils.WebDriverUtils - Selected option : Tennessee
17:52:30.786 [main] INFO  com.qa.opencart.testcase.RegistrationTest - setting the password value is:vandana@123
17:52:30.786 [main] INFO  com.qa.opencart.pages.RegistrationPage - enetering the pwd value
17:52:32.974 [main] INFO  com.qa.opencart.pages.RegistrationPage - enetering the confirm value
17:52:35.201 [main] INFO  com.qa.opencart.testcase.RegistrationTest - select the subscribe option yes
17:52:35.201 [main] INFO  com.qa.opencart.pages.RegistrationPage - enetering the subscribe value
17:52:35.201 [main] INFO  com.qa.opencart.pages.RegistrationPage - select Yes radio buton
17:52:37.347 [main] INFO  com.qa.opencart.testcase.RegistrationTest - check the Privacy policy checkbox
17:52:37.347 [main] INFO  com.qa.opencart.pages.RegistrationPage - check Agree Checkbox
17:52:37.390 [main] INFO  com.qa.opencart.utils.WebDriverUtils - Element  is already selected:[[ChromeDriver: chrome on WINDOWS (92797c30339b1fb17e0984252c56f140)] -> css selector: input[name='agree']]
17:52:41.552 [main] INFO  com.qa.opencart.utils.WebDriverUtils - Element is checked::[[ChromeDriver: chrome on WINDOWS (92797c30339b1fb17e0984252c56f140)] -> css selector: input[name='agree']]
17:52:41.552 [main] INFO  com.qa.opencart.testcase.RegistrationTest - Click on Continue button
17:52:41.552 [main] INFO  com.qa.opencart.pages.RegistrationPage - click on Continue button
17:52:44.558 [main] INFO  com.qa.opencart.testcase.RegistrationTest - verify the Account Creation success message and  header 
17:52:48.746 [main] INFO  com.qa.opencart.testcase.RegistrationTest - click on Account Created Continue button
17:52:48.746 [main] INFO  com.qa.opencart.pages.RegistrationPage - click on AccountCreatedContinue button
17:52:51.410 [main] INFO  com.qa.opencart.testcase.RegistrationTest - validate the my Account Page title
17:52:51.416 [main] INFO  com.qa.opencart.utils.WebDriverUtils - Title of the page is :: My Account
17:52:51.417 [main] INFO  com.qa.opencart.testcase.RegistrationTest - click on logout link
17:52:56.279 [main] INFO  com.qa.opencart.testcase.RegistrationTest - validate the logout Page title
17:52:56.298 [main] INFO  com.qa.opencart.utils.WebDriverUtils - Title of the page is :: Account Logout
17:52:56.298 [main] INFO  com.qa.opencart.testcase.RegistrationTest - Click on Continue button in Logout page
17:52:58.921 [main] INFO  com.qa.opencart.testcase.RegistrationTest - navigate to registration page
17:52:58.922 [main] INFO  com.qa.opencart.pages.HomePage - opening the myAccount menu
17:53:01.064 [main] INFO  com.qa.opencart.pages.HomePage - click on Register link 
17:53:03.675 [main] INFO  com.qa.opencart.testcase.RegistrationTest - Verify the Registration page title
17:53:03.695 [main] INFO  com.qa.opencart.utils.WebDriverUtils - Title of the page is :: Register Account
17:53:03.707 [main] INFO  com.qa.opencart.testcase.RegistrationTest - setting the first name:sreedevi
17:53:03.707 [main] INFO  com.qa.opencart.pages.RegistrationPage - enetering the firstname value
17:53:05.970 [main] INFO  com.qa.opencart.testcase.RegistrationTest - setting the last name:Doolla
17:53:05.970 [main] INFO  com.qa.opencart.pages.RegistrationPage - enetering the larstname value
17:53:08.160 [main] INFO  com.qa.opencart.testcase.RegistrationTest - setting the email:QJLbM@gmail.com
17:53:08.161 [main] INFO  com.qa.opencart.pages.RegistrationPage - enetering the email value
17:53:10.410 [main] INFO  com.qa.opencart.testcase.RegistrationTest - setting the telephone:9980193573
17:53:10.410 [main] INFO  com.qa.opencart.pages.RegistrationPage - enetering the telephone value
17:53:12.628 [main] INFO  com.qa.opencart.pages.RegistrationPage - eneter the company value in company editbox
17:53:14.868 [main] INFO  com.qa.opencart.pages.RegistrationPage - eneter the address1 value in address1 editbox
17:53:17.068 [main] INFO  com.qa.opencart.pages.RegistrationPage - eneter the address2 value in address2 editbox
17:53:19.286 [main] INFO  com.qa.opencart.pages.RegistrationPage - eneter the city value in city editbox
17:53:21.495 [main] INFO  com.qa.opencart.pages.RegistrationPage - eneter the postcode value in postcode editbox
17:53:23.706 [main] INFO  com.qa.opencart.pages.RegistrationPage - Select an option From country dropdown by label
17:53:23.845 [main] INFO  com.qa.opencart.utils.WebDriverUtils - Selected option : United States
17:53:23.845 [main] INFO  com.qa.opencart.pages.RegistrationPage - Select an option From State dropdown by value Attribute
17:53:24.153 [main] INFO  com.qa.opencart.utils.WebDriverUtils - Selected option : Tennessee
17:53:24.153 [main] INFO  com.qa.opencart.testcase.RegistrationTest - setting the password value is:sridevi@123
17:53:24.153 [main] INFO  com.qa.opencart.pages.RegistrationPage - enetering the pwd value
17:53:26.337 [main] INFO  com.qa.opencart.pages.RegistrationPage - enetering the confirm value
17:53:28.524 [main] INFO  com.qa.opencart.testcase.RegistrationTest - select the subscribe option yes
17:53:28.525 [main] INFO  com.qa.opencart.pages.RegistrationPage - enetering the subscribe value
17:53:28.525 [main] INFO  com.qa.opencart.pages.RegistrationPage - select No radio buton
17:53:30.682 [main] INFO  com.qa.opencart.testcase.RegistrationTest - check the Privacy policy checkbox
17:53:30.682 [main] INFO  com.qa.opencart.pages.RegistrationPage - check Agree Checkbox
17:53:30.719 [main] INFO  com.qa.opencart.utils.WebDriverUtils - Element  is already selected:[[ChromeDriver: chrome on WINDOWS (92797c30339b1fb17e0984252c56f140)] -> css selector: input[name='agree']]
17:53:34.879 [main] INFO  com.qa.opencart.utils.WebDriverUtils - Element is checked::[[ChromeDriver: chrome on WINDOWS (92797c30339b1fb17e0984252c56f140)] -> css selector: input[name='agree']]
17:53:34.879 [main] INFO  com.qa.opencart.testcase.RegistrationTest - Click on Continue button
17:53:34.879 [main] INFO  com.qa.opencart.pages.RegistrationPage - click on Continue button
17:53:37.665 [main] INFO  com.qa.opencart.testcase.RegistrationTest - verify the Account Creation success message and  header 
17:53:41.873 [main] INFO  com.qa.opencart.testcase.RegistrationTest - click on Account Created Continue button
17:53:41.873 [main] INFO  com.qa.opencart.pages.RegistrationPage - click on AccountCreatedContinue button
17:53:44.549 [main] INFO  com.qa.opencart.testcase.RegistrationTest - validate the my Account Page title
17:53:44.553 [main] INFO  com.qa.opencart.utils.WebDriverUtils - Title of the page is :: My Account
17:53:44.554 [main] INFO  com.qa.opencart.testcase.RegistrationTest - click on logout link
17:53:49.432 [main] INFO  com.qa.opencart.testcase.RegistrationTest - validate the logout Page title
17:53:49.448 [main] INFO  com.qa.opencart.utils.WebDriverUtils - Title of the page is :: Account Logout
17:53:49.448 [main] INFO  com.qa.opencart.testcase.RegistrationTest - Click on Continue button in Logout page
17:53:52.024 [main] INFO  com.qa.opencart.testcase.RegistrationTest - navigate to registration page
17:53:52.024 [main] INFO  com.qa.opencart.pages.HomePage - opening the myAccount menu
17:53:54.225 [main] INFO  com.qa.opencart.pages.HomePage - click on Register link 
17:53:57.214 [main] INFO  com.qa.opencart.testcase.RegistrationTest - Verify the Registration page title
17:53:57.228 [main] INFO  com.qa.opencart.utils.WebDriverUtils - Title of the page is :: Register Account
17:53:57.237 [main] INFO  com.qa.opencart.testcase.RegistrationTest - setting the first name:harshini
17:53:57.237 [main] INFO  com.qa.opencart.pages.RegistrationPage - enetering the firstname value
17:53:59.453 [main] INFO  com.qa.opencart.testcase.RegistrationTest - setting the last name:ch
17:53:59.453 [main] INFO  com.qa.opencart.pages.RegistrationPage - enetering the larstname value
17:54:01.629 [main] INFO  com.qa.opencart.testcase.RegistrationTest - setting the email:gcgwP@gmail.com
17:54:01.629 [main] INFO  com.qa.opencart.pages.RegistrationPage - enetering the email value
17:54:03.887 [main] INFO  com.qa.opencart.testcase.RegistrationTest - setting the telephone:6303236395
17:54:03.887 [main] INFO  com.qa.opencart.pages.RegistrationPage - enetering the telephone value
17:54:06.094 [main] INFO  com.qa.opencart.pages.RegistrationPage - eneter the company value in company editbox
17:54:08.326 [main] INFO  com.qa.opencart.pages.RegistrationPage - eneter the address1 value in address1 editbox
17:54:10.487 [main] INFO  com.qa.opencart.pages.RegistrationPage - eneter the address2 value in address2 editbox
17:54:12.669 [main] INFO  com.qa.opencart.pages.RegistrationPage - eneter the city value in city editbox
17:54:14.874 [main] INFO  com.qa.opencart.pages.RegistrationPage - eneter the postcode value in postcode editbox
17:54:17.074 [main] INFO  com.qa.opencart.pages.RegistrationPage - Select an option From country dropdown by label
17:54:17.207 [main] INFO  com.qa.opencart.utils.WebDriverUtils - Selected option : United States
17:54:17.207 [main] INFO  com.qa.opencart.pages.RegistrationPage - Select an option From State dropdown by value Attribute
17:54:17.482 [main] INFO  com.qa.opencart.utils.WebDriverUtils - Selected option : Tennessee
17:54:17.482 [main] INFO  com.qa.opencart.testcase.RegistrationTest - setting the password value is:harshini@123
17:54:17.482 [main] INFO  com.qa.opencart.pages.RegistrationPage - enetering the pwd value
17:54:19.748 [main] INFO  com.qa.opencart.pages.RegistrationPage - enetering the confirm value
17:54:21.948 [main] INFO  com.qa.opencart.testcase.RegistrationTest - select the subscribe option yes
17:54:21.948 [main] INFO  com.qa.opencart.pages.RegistrationPage - enetering the subscribe value
17:54:21.948 [main] INFO  com.qa.opencart.pages.RegistrationPage - select Yes radio buton
17:54:24.080 [main] INFO  com.qa.opencart.testcase.RegistrationTest - check the Privacy policy checkbox
17:54:24.080 [main] INFO  com.qa.opencart.pages.RegistrationPage - check Agree Checkbox
17:54:24.108 [main] INFO  com.qa.opencart.utils.WebDriverUtils - Element  is already selected:[[ChromeDriver: chrome on WINDOWS (92797c30339b1fb17e0984252c56f140)] -> css selector: input[name='agree']]
17:54:28.258 [main] INFO  com.qa.opencart.utils.WebDriverUtils - Element is checked::[[ChromeDriver: chrome on WINDOWS (92797c30339b1fb17e0984252c56f140)] -> css selector: input[name='agree']]
17:54:28.258 [main] INFO  com.qa.opencart.testcase.RegistrationTest - Click on Continue button
17:54:28.258 [main] INFO  com.qa.opencart.pages.RegistrationPage - click on Continue button
17:54:31.024 [main] INFO  com.qa.opencart.testcase.RegistrationTest - verify the Account Creation success message and  header 
17:54:35.204 [main] INFO  com.qa.opencart.testcase.RegistrationTest - click on Account Created Continue button
17:54:35.204 [main] INFO  com.qa.opencart.pages.RegistrationPage - click on AccountCreatedContinue button
17:54:37.875 [main] INFO  com.qa.opencart.testcase.RegistrationTest - validate the my Account Page title
17:54:37.880 [main] INFO  com.qa.opencart.utils.WebDriverUtils - Title of the page is :: My Account
17:54:37.880 [main] INFO  com.qa.opencart.testcase.RegistrationTest - click on logout link
17:54:42.806 [main] INFO  com.qa.opencart.testcase.RegistrationTest - validate the logout Page title
17:54:42.820 [main] INFO  com.qa.opencart.utils.WebDriverUtils - Title of the page is :: Account Logout
17:54:42.820 [main] INFO  com.qa.opencart.testcase.RegistrationTest - Click on Continue button in Logout page
17:54:45.360 [main] INFO  com.qa.opencart.testcase.RegistrationTest - navigate to registration page
17:54:45.360 [main] INFO  com.qa.opencart.pages.HomePage - opening the myAccount menu
17:54:47.512 [main] INFO  com.qa.opencart.pages.HomePage - click on Register link 
17:54:50.108 [main] INFO  com.qa.opencart.testcase.RegistrationTest - Verify the Registration page title
17:54:50.130 [main] INFO  com.qa.opencart.utils.WebDriverUtils - Title of the page is :: Register Account
17:54:50.136 [main] INFO  com.qa.opencart.testcase.RegistrationTest - setting the first name:NKGgm
17:54:50.137 [main] INFO  com.qa.opencart.pages.RegistrationPage - enetering the firstname value
17:54:52.355 [main] INFO  com.qa.opencart.testcase.RegistrationTest - setting the last name:dYmGi
17:54:52.355 [main] INFO  com.qa.opencart.pages.RegistrationPage - enetering the larstname value
17:54:54.602 [main] INFO  com.qa.opencart.testcase.RegistrationTest - setting the email:hWYNq@gmail.com
17:54:54.602 [main] INFO  com.qa.opencart.pages.RegistrationPage - enetering the email value
17:54:56.844 [main] INFO  com.qa.opencart.testcase.RegistrationTest - setting the telephone:3246536287
17:54:56.844 [main] INFO  com.qa.opencart.pages.RegistrationPage - enetering the telephone value
17:54:59.055 [main] INFO  com.qa.opencart.testcase.RegistrationTest - Entering the Address details ....
17:54:59.055 [main] INFO  com.qa.opencart.pages.RegistrationPage - eneter the company value in company editbox
17:55:01.256 [main] INFO  com.qa.opencart.pages.RegistrationPage - eneter the address1 value in address1 editbox
17:55:03.440 [main] INFO  com.qa.opencart.pages.RegistrationPage - eneter the address2 value in address2 editbox
17:55:05.661 [main] INFO  com.qa.opencart.pages.RegistrationPage - eneter the city value in city editbox
17:55:07.869 [main] INFO  com.qa.opencart.pages.RegistrationPage - eneter the postcode value in postcode editbox
17:55:10.073 [main] INFO  com.qa.opencart.pages.RegistrationPage - Select an option From country dropdown by label
17:55:10.219 [main] INFO  com.qa.opencart.utils.WebDriverUtils - Selected option : United States
17:55:10.219 [main] INFO  com.qa.opencart.pages.RegistrationPage - Select an option From State dropdown by value Attribute
17:55:10.492 [main] INFO  com.qa.opencart.utils.WebDriverUtils - Selected option : Tennessee
17:55:10.492 [main] INFO  com.qa.opencart.testcase.RegistrationTest - setting the password value is:lbdC@850
17:55:10.492 [main] INFO  com.qa.opencart.pages.RegistrationPage - enetering the pwd value
17:55:12.706 [main] INFO  com.qa.opencart.pages.RegistrationPage - enetering the confirm value
17:55:14.913 [main] INFO  com.qa.opencart.testcase.RegistrationTest - select the subscribe option yes
17:55:14.913 [main] INFO  com.qa.opencart.pages.RegistrationPage - enetering the subscribe value
17:55:14.913 [main] INFO  com.qa.opencart.pages.RegistrationPage - select Yes radio buton
17:55:17.049 [main] INFO  com.qa.opencart.testcase.RegistrationTest - check the Privacy policy checkbox
17:55:17.049 [main] INFO  com.qa.opencart.pages.RegistrationPage - check Agree Checkbox
17:55:17.083 [main] INFO  com.qa.opencart.utils.WebDriverUtils - Element  is already selected:[[ChromeDriver: chrome on WINDOWS (92797c30339b1fb17e0984252c56f140)] -> css selector: input[name='agree']]
17:55:21.267 [main] INFO  com.qa.opencart.utils.WebDriverUtils - Element is checked::[[ChromeDriver: chrome on WINDOWS (92797c30339b1fb17e0984252c56f140)] -> css selector: input[name='agree']]
17:55:21.267 [main] INFO  com.qa.opencart.testcase.RegistrationTest - Click on Continue button
17:55:21.267 [main] INFO  com.qa.opencart.pages.RegistrationPage - click on Continue button
17:55:24.075 [main] INFO  com.qa.opencart.testcase.RegistrationTest - verify the Account Creation success message and  header 
17:55:28.294 [main] INFO  com.qa.opencart.testcase.RegistrationTest - click on Account Created Continue button
17:55:28.294 [main] INFO  com.qa.opencart.pages.RegistrationPage - click on AccountCreatedContinue button
17:55:30.962 [main] INFO  com.qa.opencart.testcase.RegistrationTest - validate the my Account Page title
17:55:30.971 [main] INFO  com.qa.opencart.utils.WebDriverUtils - Title of the page is :: My Account
17:55:30.971 [main] INFO  com.qa.opencart.testcase.RegistrationTest - click on logout link
17:55:35.835 [main] INFO  com.qa.opencart.testcase.RegistrationTest - validate the logout Page title
17:55:35.848 [main] INFO  com.qa.opencart.utils.WebDriverUtils - Title of the page is :: Account Logout
17:55:35.848 [main] INFO  com.qa.opencart.testcase.RegistrationTest - Click on Continue button in Logout page
18:28:07.825 [main] INFO  com.qa.opencart.factory.WebDriverFactory - clear the cache/cookies 
18:28:07.849 [main] INFO  com.qa.opencart.factory.WebDriverFactory - adding implicit wait 
18:28:07.862 [main] INFO  com.qa.opencart.factory.WebDriverFactory - maximize the window
18:28:08.030 [main] INFO  com.qa.opencart.factory.TestBase - create object for WebDriverWait class
18:28:10.863 [main] INFO  com.qa.opencart.testcase.HomePageTest - initialising the page class objects
18:28:11.020 [main] INFO  com.qa.opencart.testcase.HomePageTest - verify the Logo text
18:28:11.405 [main] INFO  com.qa.opencart.utils.WebDriverUtils - Title of the page is :: Your Store
18:28:11.418 [main] INFO  com.qa.opencart.testcase.HomePageTest - TC_02_Verifying the opencart Title
18:28:11.423 [main] INFO  com.qa.opencart.utils.WebDriverUtils - Title of the page is :: Your Store
18:28:11.689 [main] INFO  com.qa.opencart.utils.WebDriverUtils - Title of the page is :: Your Store
18:28:11.701 [main] INFO  com.qa.opencart.testcase.HomePageTest - TC_03_navigate to registration page
18:28:11.701 [main] INFO  com.qa.opencart.pages.HomePage - opening the myAccount menu
18:28:13.862 [main] INFO  com.qa.opencart.pages.HomePage - click on Register link 
18:28:16.853 [main] INFO  com.qa.opencart.testcase.HomePageTest - Assert the Registration page title
18:28:16.861 [main] INFO  com.qa.opencart.utils.WebDriverUtils - Title of the page is :: Register Account
18:28:16.861 [main] INFO  com.qa.opencart.testcase.HomePageTest - Click on Home icon in Registration page
18:28:16.862 [main] INFO  com.qa.opencart.pages.RegistrationPage - clickHomeIcon
18:28:17.684 [main] INFO  com.qa.opencart.utils.WebDriverUtils - Title of the page is :: Your Store
18:28:17.700 [main] INFO  com.qa.opencart.testcase.HomePageTest - TC_04_navigate to Login page
18:28:17.700 [main] INFO  com.qa.opencart.pages.HomePage - opening the myAccount menu
18:28:19.832 [main] INFO  com.qa.opencart.pages.HomePage - clik on Login link
18:28:22.356 [main] INFO  com.qa.opencart.testcase.HomePageTest - Assert the Login page title
18:28:22.366 [main] INFO  com.qa.opencart.utils.WebDriverUtils - Title of the page is :: Account Login
18:28:22.366 [main] INFO  com.qa.opencart.testcase.HomePageTest - Click on Home icon in Login page
18:28:22.366 [main] INFO  com.qa.opencart.pages.LoginPage - clickHomeIcon
18:28:23.838 [main] INFO  com.qa.opencart.utils.WebDriverUtils - Title of the page is :: Your Store
18:28:25.429 [main] INFO  com.qa.opencart.factory.WebDriverFactory - clear the cache/cookies 
18:28:25.456 [main] INFO  com.qa.opencart.factory.WebDriverFactory - adding implicit wait 
18:28:25.461 [main] INFO  com.qa.opencart.factory.WebDriverFactory - maximize the window
18:28:25.620 [main] INFO  com.qa.opencart.factory.TestBase - create object for WebDriverWait class
18:28:28.468 [main] INFO  com.qa.opencart.testcase.RegistrationTest - initialising the page class objects
18:28:31.327 [main] INFO  com.qa.opencart.testcase.RegistrationTest - navigate to registration page
18:28:31.327 [main] INFO  com.qa.opencart.pages.HomePage - opening the myAccount menu
18:28:33.468 [main] INFO  com.qa.opencart.pages.HomePage - click on Register link 
18:28:36.414 [main] INFO  com.qa.opencart.testcase.RegistrationTest - Verify the Registration page title
18:28:36.429 [main] INFO  com.qa.opencart.utils.WebDriverUtils - Title of the page is :: Register Account
18:28:36.435 [main] INFO  com.qa.opencart.testcase.RegistrationTest - setting the first name:Vandana
18:28:36.436 [main] INFO  com.qa.opencart.pages.RegistrationPage - enetering the firstname value
18:28:38.695 [main] INFO  com.qa.opencart.testcase.RegistrationTest - setting the last name:senthil
18:28:38.695 [main] INFO  com.qa.opencart.pages.RegistrationPage - enetering the larstname value
18:28:40.933 [main] INFO  com.qa.opencart.testcase.RegistrationTest - setting the email:NeZET@gmail.com
18:28:40.933 [main] INFO  com.qa.opencart.pages.RegistrationPage - enetering the email value
18:28:43.165 [main] INFO  com.qa.opencart.testcase.RegistrationTest - setting the telephone:3146069849
18:28:43.165 [main] INFO  com.qa.opencart.pages.RegistrationPage - enetering the telephone value
18:28:45.390 [main] INFO  com.qa.opencart.pages.RegistrationPage - eneter the company value in company editbox
18:28:47.743 [main] INFO  com.qa.opencart.pages.RegistrationPage - eneter the address1 value in address1 editbox
18:28:49.990 [main] INFO  com.qa.opencart.pages.RegistrationPage - eneter the address2 value in address2 editbox
18:28:52.242 [main] INFO  com.qa.opencart.pages.RegistrationPage - eneter the city value in city editbox
18:28:54.498 [main] INFO  com.qa.opencart.pages.RegistrationPage - eneter the postcode value in postcode editbox
18:28:56.744 [main] INFO  com.qa.opencart.pages.RegistrationPage - Select an option From country dropdown by label
18:28:56.930 [main] INFO  com.qa.opencart.utils.WebDriverUtils - Selected option : United States
18:28:56.931 [main] INFO  com.qa.opencart.pages.RegistrationPage - Select an option From State dropdown by value Attribute
18:28:57.247 [main] INFO  com.qa.opencart.utils.WebDriverUtils - Selected option : Maryland
18:28:57.248 [main] INFO  com.qa.opencart.testcase.RegistrationTest - setting the password value is:vandana@123
18:28:57.248 [main] INFO  com.qa.opencart.pages.RegistrationPage - enetering the pwd value
18:28:59.502 [main] INFO  com.qa.opencart.pages.RegistrationPage - enetering the confirm value
18:29:01.732 [main] INFO  com.qa.opencart.testcase.RegistrationTest - select the subscribe option yes
18:29:01.732 [main] INFO  com.qa.opencart.pages.RegistrationPage - enetering the subscribe value
18:29:01.732 [main] INFO  com.qa.opencart.pages.RegistrationPage - select Yes radio buton
18:29:03.889 [main] INFO  com.qa.opencart.testcase.RegistrationTest - check the Privacy policy checkbox
18:29:03.890 [main] INFO  com.qa.opencart.pages.RegistrationPage - check Agree Checkbox
18:29:03.932 [main] INFO  com.qa.opencart.utils.WebDriverUtils - Element  is already selected:[[ChromeDriver: chrome on WINDOWS (e827f9a98155cb3ee15c32d1b297eee7)] -> css selector: input[name='agree']]
18:29:08.121 [main] INFO  com.qa.opencart.utils.WebDriverUtils - Element is checked::[[ChromeDriver: chrome on WINDOWS (e827f9a98155cb3ee15c32d1b297eee7)] -> css selector: input[name='agree']]
18:29:08.121 [main] INFO  com.qa.opencart.testcase.RegistrationTest - Click on Continue button
18:29:08.121 [main] INFO  com.qa.opencart.pages.RegistrationPage - click on Continue button
18:29:11.113 [main] INFO  com.qa.opencart.testcase.RegistrationTest - verify the Account Creation success message and  header 
18:29:15.330 [main] INFO  com.qa.opencart.testcase.RegistrationTest - click on Account Created Continue button
18:29:15.331 [main] INFO  com.qa.opencart.pages.RegistrationPage - click on AccountCreatedContinue button
18:29:18.027 [main] INFO  com.qa.opencart.testcase.RegistrationTest - validate the my Account Page title
18:29:18.033 [main] INFO  com.qa.opencart.utils.WebDriverUtils - Title of the page is :: My Account
18:29:18.034 [main] INFO  com.qa.opencart.testcase.RegistrationTest - click on logout link
18:29:22.937 [main] INFO  com.qa.opencart.testcase.RegistrationTest - validate the logout Page title
18:29:22.955 [main] INFO  com.qa.opencart.utils.WebDriverUtils - Title of the page is :: Account Logout
18:29:22.955 [main] INFO  com.qa.opencart.testcase.RegistrationTest - Click on Continue button in Logout page
18:29:25.495 [main] INFO  com.qa.opencart.testcase.RegistrationTest - navigate to registration page
18:29:25.496 [main] INFO  com.qa.opencart.pages.HomePage - opening the myAccount menu
18:29:27.655 [main] INFO  com.qa.opencart.pages.HomePage - click on Register link 
18:29:30.246 [main] INFO  com.qa.opencart.testcase.RegistrationTest - Verify the Registration page title
18:29:30.266 [main] INFO  com.qa.opencart.utils.WebDriverUtils - Title of the page is :: Register Account
18:29:30.275 [main] INFO  com.qa.opencart.testcase.RegistrationTest - setting the first name:sreedevi
18:29:30.276 [main] INFO  com.qa.opencart.pages.RegistrationPage - enetering the firstname value
18:29:32.508 [main] INFO  com.qa.opencart.testcase.RegistrationTest - setting the last name:Doolla
18:29:32.508 [main] INFO  com.qa.opencart.pages.RegistrationPage - enetering the larstname value
18:29:34.734 [main] INFO  com.qa.opencart.testcase.RegistrationTest - setting the email:paTwG@gmail.com
18:29:34.734 [main] INFO  com.qa.opencart.pages.RegistrationPage - enetering the email value
18:29:36.965 [main] INFO  com.qa.opencart.testcase.RegistrationTest - setting the telephone:9980193573
18:29:36.966 [main] INFO  com.qa.opencart.pages.RegistrationPage - enetering the telephone value
18:29:39.208 [main] INFO  com.qa.opencart.pages.RegistrationPage - eneter the company value in company editbox
18:29:41.500 [main] INFO  com.qa.opencart.pages.RegistrationPage - eneter the address1 value in address1 editbox
18:29:43.746 [main] INFO  com.qa.opencart.pages.RegistrationPage - eneter the address2 value in address2 editbox
18:29:45.972 [main] INFO  com.qa.opencart.pages.RegistrationPage - eneter the city value in city editbox
18:29:48.218 [main] INFO  com.qa.opencart.pages.RegistrationPage - eneter the postcode value in postcode editbox
18:29:50.448 [main] INFO  com.qa.opencart.pages.RegistrationPage - Select an option From country dropdown by label
18:29:50.612 [main] INFO  com.qa.opencart.utils.WebDriverUtils - Selected option : United States
18:29:50.612 [main] INFO  com.qa.opencart.pages.RegistrationPage - Select an option From State dropdown by value Attribute
18:29:50.908 [main] INFO  com.qa.opencart.utils.WebDriverUtils - Selected option : Maryland
18:29:50.908 [main] INFO  com.qa.opencart.testcase.RegistrationTest - setting the password value is:sridevi@123
18:29:50.908 [main] INFO  com.qa.opencart.pages.RegistrationPage - enetering the pwd value
18:29:53.130 [main] INFO  com.qa.opencart.pages.RegistrationPage - enetering the confirm value
18:29:55.349 [main] INFO  com.qa.opencart.testcase.RegistrationTest - select the subscribe option yes
18:29:55.349 [main] INFO  com.qa.opencart.pages.RegistrationPage - enetering the subscribe value
18:29:55.349 [main] INFO  com.qa.opencart.pages.RegistrationPage - select No radio buton
18:29:57.508 [main] INFO  com.qa.opencart.testcase.RegistrationTest - check the Privacy policy checkbox
18:29:57.508 [main] INFO  com.qa.opencart.pages.RegistrationPage - check Agree Checkbox
18:29:57.541 [main] INFO  com.qa.opencart.utils.WebDriverUtils - Element  is already selected:[[ChromeDriver: chrome on WINDOWS (e827f9a98155cb3ee15c32d1b297eee7)] -> css selector: input[name='agree']]
18:30:01.712 [main] INFO  com.qa.opencart.utils.WebDriverUtils - Element is checked::[[ChromeDriver: chrome on WINDOWS (e827f9a98155cb3ee15c32d1b297eee7)] -> css selector: input[name='agree']]
18:30:01.713 [main] INFO  com.qa.opencart.testcase.RegistrationTest - Click on Continue button
18:30:01.713 [main] INFO  com.qa.opencart.pages.RegistrationPage - click on Continue button
18:30:04.508 [main] INFO  com.qa.opencart.testcase.RegistrationTest - verify the Account Creation success message and  header 
18:30:08.713 [main] INFO  com.qa.opencart.testcase.RegistrationTest - click on Account Created Continue button
18:30:08.713 [main] INFO  com.qa.opencart.pages.RegistrationPage - click on AccountCreatedContinue button
18:30:11.387 [main] INFO  com.qa.opencart.testcase.RegistrationTest - validate the my Account Page title
18:30:11.395 [main] INFO  com.qa.opencart.utils.WebDriverUtils - Title of the page is :: My Account
18:30:11.395 [main] INFO  com.qa.opencart.testcase.RegistrationTest - click on logout link
18:30:16.238 [main] INFO  com.qa.opencart.testcase.RegistrationTest - validate the logout Page title
18:30:16.257 [main] INFO  com.qa.opencart.utils.WebDriverUtils - Title of the page is :: Account Logout
18:30:16.257 [main] INFO  com.qa.opencart.testcase.RegistrationTest - Click on Continue button in Logout page
18:30:18.774 [main] INFO  com.qa.opencart.testcase.RegistrationTest - navigate to registration page
18:30:18.774 [main] INFO  com.qa.opencart.pages.HomePage - opening the myAccount menu
18:30:20.919 [main] INFO  com.qa.opencart.pages.HomePage - click on Register link 
18:30:23.495 [main] INFO  com.qa.opencart.testcase.RegistrationTest - Verify the Registration page title
18:30:23.516 [main] INFO  com.qa.opencart.utils.WebDriverUtils - Title of the page is :: Register Account
18:30:23.524 [main] INFO  com.qa.opencart.testcase.RegistrationTest - setting the first name:harshini
18:30:23.525 [main] INFO  com.qa.opencart.pages.RegistrationPage - enetering the firstname value
18:30:25.768 [main] INFO  com.qa.opencart.testcase.RegistrationTest - setting the last name:ch
18:30:25.768 [main] INFO  com.qa.opencart.pages.RegistrationPage - enetering the larstname value
18:30:27.976 [main] INFO  com.qa.opencart.testcase.RegistrationTest - setting the email:FHLFv@gmail.com
18:30:27.976 [main] INFO  com.qa.opencart.pages.RegistrationPage - enetering the email value
18:30:30.224 [main] INFO  com.qa.opencart.testcase.RegistrationTest - setting the telephone:6303236395
18:30:30.224 [main] INFO  com.qa.opencart.pages.RegistrationPage - enetering the telephone value
18:30:32.443 [main] INFO  com.qa.opencart.pages.RegistrationPage - eneter the company value in company editbox
18:30:34.735 [main] INFO  com.qa.opencart.pages.RegistrationPage - eneter the address1 value in address1 editbox
18:30:36.940 [main] INFO  com.qa.opencart.pages.RegistrationPage - eneter the address2 value in address2 editbox
18:30:39.161 [main] INFO  com.qa.opencart.pages.RegistrationPage - eneter the city value in city editbox
18:30:41.393 [main] INFO  com.qa.opencart.pages.RegistrationPage - eneter the postcode value in postcode editbox
18:30:43.618 [main] INFO  com.qa.opencart.pages.RegistrationPage - Select an option From country dropdown by label
18:30:43.784 [main] INFO  com.qa.opencart.utils.WebDriverUtils - Selected option : United States
18:30:43.784 [main] INFO  com.qa.opencart.pages.RegistrationPage - Select an option From State dropdown by value Attribute
18:30:44.782 [main] INFO  com.qa.opencart.utils.WebDriverUtils - Selected option : Maryland
18:30:44.782 [main] INFO  com.qa.opencart.testcase.RegistrationTest - setting the password value is:harshini@123
18:30:44.782 [main] INFO  com.qa.opencart.pages.RegistrationPage - enetering the pwd value
18:30:46.966 [main] INFO  com.qa.opencart.pages.RegistrationPage - enetering the confirm value
18:30:49.185 [main] INFO  com.qa.opencart.testcase.RegistrationTest - select the subscribe option yes
18:30:49.185 [main] INFO  com.qa.opencart.pages.RegistrationPage - enetering the subscribe value
18:30:49.185 [main] INFO  com.qa.opencart.pages.RegistrationPage - select Yes radio buton
18:30:51.335 [main] INFO  com.qa.opencart.testcase.RegistrationTest - check the Privacy policy checkbox
18:30:51.335 [main] INFO  com.qa.opencart.pages.RegistrationPage - check Agree Checkbox
18:30:51.365 [main] INFO  com.qa.opencart.utils.WebDriverUtils - Element  is already selected:[[ChromeDriver: chrome on WINDOWS (e827f9a98155cb3ee15c32d1b297eee7)] -> css selector: input[name='agree']]
18:30:55.547 [main] INFO  com.qa.opencart.utils.WebDriverUtils - Element is checked::[[ChromeDriver: chrome on WINDOWS (e827f9a98155cb3ee15c32d1b297eee7)] -> css selector: input[name='agree']]
18:30:55.547 [main] INFO  com.qa.opencart.testcase.RegistrationTest - Click on Continue button
18:30:55.547 [main] INFO  com.qa.opencart.pages.RegistrationPage - click on Continue button
18:30:58.301 [main] INFO  com.qa.opencart.testcase.RegistrationTest - verify the Account Creation success message and  header 
18:31:02.470 [main] INFO  com.qa.opencart.testcase.RegistrationTest - click on Account Created Continue button
18:31:02.471 [main] INFO  com.qa.opencart.pages.RegistrationPage - click on AccountCreatedContinue button
18:31:05.145 [main] INFO  com.qa.opencart.testcase.RegistrationTest - validate the my Account Page title
18:31:05.152 [main] INFO  com.qa.opencart.utils.WebDriverUtils - Title of the page is :: My Account
18:31:05.152 [main] INFO  com.qa.opencart.testcase.RegistrationTest - click on logout link
18:31:10.043 [main] INFO  com.qa.opencart.testcase.RegistrationTest - validate the logout Page title
18:31:10.066 [main] INFO  com.qa.opencart.utils.WebDriverUtils - Title of the page is :: Account Logout
18:31:10.066 [main] INFO  com.qa.opencart.testcase.RegistrationTest - Click on Continue button in Logout page
18:31:12.614 [main] INFO  com.qa.opencart.testcase.RegistrationTest - navigate to registration page
18:31:12.615 [main] INFO  com.qa.opencart.pages.HomePage - opening the myAccount menu
18:31:14.768 [main] INFO  com.qa.opencart.pages.HomePage - click on Register link 
18:31:17.332 [main] INFO  com.qa.opencart.testcase.RegistrationTest - Verify the Registration page title
18:31:17.353 [main] INFO  com.qa.opencart.utils.WebDriverUtils - Title of the page is :: Register Account
18:31:17.364 [main] INFO  com.qa.opencart.testcase.RegistrationTest - setting the first name:VgEJr
18:31:17.364 [main] INFO  com.qa.opencart.pages.RegistrationPage - enetering the firstname value
18:31:19.609 [main] INFO  com.qa.opencart.testcase.RegistrationTest - setting the last name:HAocj
18:31:19.609 [main] INFO  com.qa.opencart.pages.RegistrationPage - enetering the larstname value
18:31:21.810 [main] INFO  com.qa.opencart.testcase.RegistrationTest - setting the email:kFOhm@gmail.com
18:31:21.811 [main] INFO  com.qa.opencart.pages.RegistrationPage - enetering the email value
18:31:24.066 [main] INFO  com.qa.opencart.testcase.RegistrationTest - setting the telephone:0367039278
18:31:24.066 [main] INFO  com.qa.opencart.pages.RegistrationPage - enetering the telephone value
18:31:26.288 [main] INFO  com.qa.opencart.testcase.RegistrationTest - Entering the Address details ....
18:31:26.288 [main] INFO  com.qa.opencart.pages.RegistrationPage - eneter the company value in company editbox
18:31:28.567 [main] INFO  com.qa.opencart.pages.RegistrationPage - eneter the address1 value in address1 editbox
18:31:30.776 [main] INFO  com.qa.opencart.pages.RegistrationPage - eneter the address2 value in address2 editbox
18:31:33.009 [main] INFO  com.qa.opencart.pages.RegistrationPage - eneter the city value in city editbox
18:31:35.265 [main] INFO  com.qa.opencart.pages.RegistrationPage - eneter the postcode value in postcode editbox
18:31:37.482 [main] INFO  com.qa.opencart.pages.RegistrationPage - Select an option From country dropdown by label
18:31:37.636 [main] INFO  com.qa.opencart.utils.WebDriverUtils - Selected option : United States
18:31:37.636 [main] INFO  com.qa.opencart.pages.RegistrationPage - Select an option From State dropdown by value Attribute
18:31:37.942 [main] INFO  com.qa.opencart.utils.WebDriverUtils - Selected option : Maryland
18:31:37.942 [main] INFO  com.qa.opencart.testcase.RegistrationTest - setting the password value is:gmRL@970
18:31:37.943 [main] INFO  com.qa.opencart.pages.RegistrationPage - enetering the pwd value
18:31:40.170 [main] INFO  com.qa.opencart.pages.RegistrationPage - enetering the confirm value
18:31:42.362 [main] INFO  com.qa.opencart.testcase.RegistrationTest - select the subscribe option yes
18:31:42.362 [main] INFO  com.qa.opencart.pages.RegistrationPage - enetering the subscribe value
18:31:42.362 [main] INFO  com.qa.opencart.pages.RegistrationPage - select Yes radio buton
18:31:44.493 [main] INFO  com.qa.opencart.testcase.RegistrationTest - check the Privacy policy checkbox
18:31:44.493 [main] INFO  com.qa.opencart.pages.RegistrationPage - check Agree Checkbox
18:31:44.522 [main] INFO  com.qa.opencart.utils.WebDriverUtils - Element  is already selected:[[ChromeDriver: chrome on WINDOWS (e827f9a98155cb3ee15c32d1b297eee7)] -> css selector: input[name='agree']]
18:31:48.687 [main] INFO  com.qa.opencart.utils.WebDriverUtils - Element is checked::[[ChromeDriver: chrome on WINDOWS (e827f9a98155cb3ee15c32d1b297eee7)] -> css selector: input[name='agree']]
18:31:48.688 [main] INFO  com.qa.opencart.testcase.RegistrationTest - Click on Continue button
18:31:48.688 [main] INFO  com.qa.opencart.pages.RegistrationPage - click on Continue button
18:31:51.454 [main] INFO  com.qa.opencart.testcase.RegistrationTest - verify the Account Creation success message and  header 
18:31:55.662 [main] INFO  com.qa.opencart.testcase.RegistrationTest - click on Account Created Continue button
18:31:55.662 [main] INFO  com.qa.opencart.pages.RegistrationPage - click on AccountCreatedContinue button
18:31:58.319 [main] INFO  com.qa.opencart.testcase.RegistrationTest - validate the my Account Page title
18:31:58.324 [main] INFO  com.qa.opencart.utils.WebDriverUtils - Title of the page is :: My Account
18:31:58.324 [main] INFO  com.qa.opencart.testcase.RegistrationTest - click on logout link
18:32:03.225 [main] INFO  com.qa.opencart.testcase.RegistrationTest - validate the logout Page title
18:32:03.242 [main] INFO  com.qa.opencart.utils.WebDriverUtils - Title of the page is :: Account Logout
18:32:03.243 [main] INFO  com.qa.opencart.testcase.RegistrationTest - Click on Continue button in Logout page
18:32:07.129 [main] INFO  com.qa.opencart.factory.WebDriverFactory - clear the cache/cookies 
18:32:07.143 [main] INFO  com.qa.opencart.factory.WebDriverFactory - adding implicit wait 
18:32:07.146 [main] INFO  com.qa.opencart.factory.WebDriverFactory - maximize the window
18:32:07.302 [main] INFO  com.qa.opencart.factory.TestBase - create object for WebDriverWait class
18:32:10.061 [main] INFO  com.qa.opencart.testcase.LoginPageTest - initialising the page class objects
18:32:10.065 [main] INFO  com.qa.opencart.pages.HomePage - opening the myAccount menu
18:32:12.214 [main] INFO  com.qa.opencart.pages.HomePage - clik on Login link
18:32:14.717 [main] INFO  com.qa.opencart.testcase.LoginPageTest - Verify the Login page title
18:32:14.725 [main] INFO  com.qa.opencart.utils.WebDriverUtils - Title of the page is :: Account Login
18:32:15.101 [main] INFO  com.qa.opencart.utils.WebDriverUtils - Element is displayed::[[ChromeDriver: chrome on WINDOWS (043a8b18a857acda7aa3eeaaa819d02f)] -> xpath: //strong[contains(.,'Register Account')]]
18:32:15.268 [main] INFO  com.qa.opencart.utils.WebDriverUtils - Element is displayed::[[ChromeDriver: chrome on WINDOWS (043a8b18a857acda7aa3eeaaa819d02f)] -> css selector: div.well>h2]
18:32:15.438 [main] INFO  com.qa.opencart.utils.WebDriverUtils - Element is displayed::[[ChromeDriver: chrome on WINDOWS (043a8b18a857acda7aa3eeaaa819d02f)] -> css selector: a.btn.btn-primary]
18:32:15.628 [main] INFO  com.qa.opencart.utils.WebDriverUtils - Element is displayed::[[ChromeDriver: chrome on WINDOWS (043a8b18a857acda7aa3eeaaa819d02f)] -> xpath: //h2[contains(.,'Returning Customer')]]
18:32:15.770 [main] INFO  com.qa.opencart.pages.LoginPage - click on forgot password
18:32:18.580 [main] INFO  com.qa.opencart.utils.WebDriverUtils - Navigate back
18:32:18.773 [main] INFO  com.qa.opencart.pages.LoginPage - click on forgot password
18:32:22.038 [main] INFO  com.qa.opencart.utils.WebDriverUtils - Navigate back
18:32:22.238 [main] INFO  com.qa.opencart.pages.LoginPage - Performing the login to the website
18:32:26.751 [main] INFO  com.qa.opencart.pages.LoginPage - click on Login button
18:32:29.500 [main] INFO  com.qa.opencart.utils.WebDriverUtils - Title of the page is :: My Account
18:32:34.785 [main] INFO  com.qa.opencart.utils.WebDriverUtils - Title of the page is :: Account Logout
18:32:34.785 [main] INFO  com.qa.opencart.testcase.LoginPageTest - Click on Continue button in logout page
18:32:37.330 [main] INFO  com.qa.opencart.utils.WebDriverUtils - Title of the page is :: Your Store
18:18:40.978 [main] INFO  com.qa.opencart.factory.WebDriverFactory - clear the cache/cookies 
18:18:41.003 [main] INFO  com.qa.opencart.factory.WebDriverFactory - adding implicit wait 
18:18:41.016 [main] INFO  com.qa.opencart.factory.WebDriverFactory - maximize the window
18:18:41.177 [main] INFO  com.qa.opencart.factory.TestBase - create object for WebDriverWait class
18:18:43.719 [main] INFO  com.qa.opencart.testcase.HomePageTest - initialising the page class objects
18:18:43.841 [main] INFO  com.qa.opencart.testcase.HomePageTest - verify the Logo text
18:18:44.182 [main] INFO  com.qa.opencart.utils.WebDriverUtils - Title of the page is :: Your Store
18:18:44.194 [main] INFO  com.qa.opencart.testcase.HomePageTest - TC_02_Verifying the opencart Title
18:18:44.199 [main] INFO  com.qa.opencart.utils.WebDriverUtils - Title of the page is :: Your Store
18:18:44.460 [main] INFO  com.qa.opencart.utils.WebDriverUtils - Title of the page is :: Your Store
18:18:44.471 [main] INFO  com.qa.opencart.testcase.HomePageTest - TC_03_navigate to registration page
18:18:44.472 [main] INFO  com.qa.opencart.pages.HomePage - opening the myAccount menu
18:18:46.631 [main] INFO  com.qa.opencart.pages.HomePage - click on Register link 
18:18:49.550 [main] INFO  com.qa.opencart.testcase.HomePageTest - Assert the Registration page title
18:18:49.559 [main] INFO  com.qa.opencart.utils.WebDriverUtils - Title of the page is :: Register Account
18:18:49.559 [main] INFO  com.qa.opencart.testcase.HomePageTest - Click on Home icon in Registration page
18:18:49.559 [main] INFO  com.qa.opencart.pages.RegistrationPage - clickHomeIcon
18:18:50.277 [main] INFO  com.qa.opencart.utils.WebDriverUtils - Title of the page is :: Your Store
18:18:50.300 [main] INFO  com.qa.opencart.testcase.HomePageTest - TC_04_navigate to Login page
18:18:50.301 [main] INFO  com.qa.opencart.pages.HomePage - opening the myAccount menu
18:18:52.459 [main] INFO  com.qa.opencart.pages.HomePage - clik on Login link
18:18:54.997 [main] INFO  com.qa.opencart.testcase.HomePageTest - Assert the Login page title
18:18:55.003 [main] INFO  com.qa.opencart.utils.WebDriverUtils - Title of the page is :: Account Login
18:18:55.004 [main] INFO  com.qa.opencart.testcase.HomePageTest - Click on Home icon in Login page
18:18:55.004 [main] INFO  com.qa.opencart.pages.LoginPage - clickHomeIcon
18:18:55.764 [main] INFO  com.qa.opencart.utils.WebDriverUtils - Title of the page is :: Your Store
18:18:57.051 [main] INFO  com.qa.opencart.factory.WebDriverFactory - clear the cache/cookies 
18:18:57.070 [main] INFO  com.qa.opencart.factory.WebDriverFactory - adding implicit wait 
18:18:57.072 [main] INFO  com.qa.opencart.factory.WebDriverFactory - maximize the window
18:18:57.213 [main] INFO  com.qa.opencart.factory.TestBase - create object for WebDriverWait class
18:18:59.636 [main] INFO  com.qa.opencart.testcase.RegistrationTest - initialising the page class objects
18:19:02.357 [main] INFO  com.qa.opencart.testcase.RegistrationTest - navigate to registration page
18:19:02.357 [main] INFO  com.qa.opencart.pages.HomePage - opening the myAccount menu
18:19:04.526 [main] INFO  com.qa.opencart.pages.HomePage - click on Register link 
18:19:07.405 [main] INFO  com.qa.opencart.testcase.RegistrationTest - Verify the Registration page title
18:19:07.424 [main] INFO  com.qa.opencart.utils.WebDriverUtils - Title of the page is :: Register Account
18:19:07.431 [main] INFO  com.qa.opencart.testcase.RegistrationTest - setting the first name:Vandana
18:19:07.432 [main] INFO  com.qa.opencart.pages.RegistrationPage - enetering the firstname value
18:19:09.704 [main] INFO  com.qa.opencart.testcase.RegistrationTest - setting the last name:senthil
18:19:09.705 [main] INFO  com.qa.opencart.pages.RegistrationPage - enetering the larstname value
18:19:11.928 [main] INFO  com.qa.opencart.testcase.RegistrationTest - setting the email:YoEGV@gmail.com
18:19:11.929 [main] INFO  com.qa.opencart.pages.RegistrationPage - enetering the email value
18:19:14.190 [main] INFO  com.qa.opencart.testcase.RegistrationTest - setting the telephone:3146069849
18:19:14.190 [main] INFO  com.qa.opencart.pages.RegistrationPage - enetering the telephone value
18:19:16.421 [main] INFO  com.qa.opencart.pages.RegistrationPage - eneter the company value in company editbox
18:19:18.710 [main] INFO  com.qa.opencart.pages.RegistrationPage - eneter the address1 value in address1 editbox
18:19:20.958 [main] INFO  com.qa.opencart.pages.RegistrationPage - eneter the address2 value in address2 editbox
18:19:23.223 [main] INFO  com.qa.opencart.pages.RegistrationPage - eneter the city value in city editbox
18:19:25.484 [main] INFO  com.qa.opencart.pages.RegistrationPage - eneter the postcode value in postcode editbox
18:19:27.720 [main] INFO  com.qa.opencart.pages.RegistrationPage - Select an option From country dropdown by label
18:19:27.930 [main] INFO  com.qa.opencart.utils.WebDriverUtils - Selected option : United States
18:19:27.930 [main] INFO  com.qa.opencart.pages.RegistrationPage - Select an option From State dropdown by value Attribute
18:19:28.200 [main] INFO  com.qa.opencart.utils.WebDriverUtils - Selected option : Wisconsin
18:19:28.200 [main] INFO  com.qa.opencart.testcase.RegistrationTest - setting the password value is:vandana@123
18:19:28.201 [main] INFO  com.qa.opencart.pages.RegistrationPage - enetering the pwd value
18:19:30.464 [main] INFO  com.qa.opencart.pages.RegistrationPage - enetering the confirm value
18:19:32.714 [main] INFO  com.qa.opencart.testcase.RegistrationTest - select the subscribe option yes
18:19:32.714 [main] INFO  com.qa.opencart.pages.RegistrationPage - enetering the subscribe value
